[2025-05-23 04:09:01] Página actividades.php cargada
[2025-05-23 04:09:01] Error al obtener información del estudiante: SQLSTATE[42S22]: Column not found: 1054 Unknown column 'u.apellido' in 'field list'
[2025-05-23 04:09:01] Avatar en sesión: https://randomuser.me/api/portraits/men/32.jpg
[2025-05-23 04:09:01] Obteniendo actividades con filtro: pendientes
[2025-05-23 04:09:01] Actividades encontradas: 0
[2025-05-23 04:10:55] Página actividades.php cargada
[2025-05-23 04:10:55] Error al obtener información del estudiante: SQLSTATE[42S22]: Column not found: 1054 Unknown column 'u.apellido' in 'field list'
[2025-05-23 04:10:55] Avatar en sesión: https://randomuser.me/api/portraits/men/32.jpg
[2025-05-23 04:10:55] Obteniendo actividades con filtro: pendientes
[2025-05-23 04:10:55] Actividades encontradas: 0
[2025-05-23 04:31:11] Página actividades.php cargada
[2025-05-23 04:31:11] Error al obtener información del estudiante: SQLSTATE[42S22]: Column not found: 1054 Unknown column 'u.apellido' in 'field list'
[2025-05-23 04:31:11] Avatar en sesión: https://randomuser.me/api/portraits/men/32.jpg
[2025-05-23 04:31:11] Obteniendo actividades con filtro: pendientes
[2025-05-23 04:31:11] Actividades encontradas: 0
[2025-05-23 04:32:30] Página actividades.php cargada
[2025-05-23 04:32:30] Error al obtener información del estudiante: SQLSTATE[42S22]: Column not found: 1054 Unknown column 'u.apellido' in 'field list'
[2025-05-23 04:32:30] Avatar en sesión: https://randomuser.me/api/portraits/men/32.jpg
[2025-05-23 04:32:30] Obteniendo actividades con filtro: pendientes
[2025-05-23 04:32:30] Actividades encontradas: 1
[2025-05-23 04:41:31] Página actividades.php cargada
[2025-05-23 04:41:31] Error al obtener información del estudiante: SQLSTATE[42S22]: Column not found: 1054 Unknown column 'u.apellido' in 'field list'
[2025-05-23 04:41:31] Avatar en sesión: https://randomuser.me/api/portraits/men/32.jpg
[2025-05-23 04:41:31] Obteniendo actividades con filtro: pendientes
[2025-05-23 04:41:31] Actividades encontradas: 1
[2025-05-23 04:41:52] Página actividades.php cargada
[2025-05-23 04:41:52] Error al obtener información del estudiante: SQLSTATE[42S22]: Column not found: 1054 Unknown column 'u.apellido' in 'field list'
[2025-05-23 04:41:52] Avatar en sesión: https://randomuser.me/api/portraits/men/32.jpg
[2025-05-23 04:41:52] Obteniendo actividades con filtro: entregadas
[2025-05-23 04:41:52] Actividades encontradas: 1
[2025-05-23 04:43:53] Página actividades.php cargada
[2025-05-23 04:43:53] Error al obtener información del estudiante: SQLSTATE[42S22]: Column not found: 1054 Unknown column 'u.apellido' in 'field list'
[2025-05-23 04:43:53] Avatar en sesión: https://randomuser.me/api/portraits/men/32.jpg
[2025-05-23 04:43:53] Obteniendo actividades con filtro: pendientes
[2025-05-23 04:43:53] Actividades encontradas: 0
[2025-05-23 04:58:49] Página actividades.php cargada
[2025-05-23 04:58:49] Error al obtener información del estudiante: SQLSTATE[42S22]: Column not found: 1054 Unknown column 'u.apellido' in 'field list'
[2025-05-23 04:58:49] Avatar en sesión: https://randomuser.me/api/portraits/men/32.jpg
[2025-05-23 04:58:49] Obteniendo actividades con filtro: pendientes
[2025-05-23 04:58:49] Actividades encontradas: 0
[2025-05-23 04:58:52] Página actividades.php cargada
[2025-05-23 04:58:52] Error al obtener información del estudiante: SQLSTATE[42S22]: Column not found: 1054 Unknown column 'u.apellido' in 'field list'
[2025-05-23 04:58:52] Avatar en sesión: https://randomuser.me/api/portraits/men/32.jpg
[2025-05-23 04:58:52] Obteniendo actividades con filtro: pendientes
[2025-05-23 04:58:53] Actividades encontradas: 0
[2025-05-23 04:59:04] Página actividades.php cargada
[2025-05-23 04:59:04] Error al obtener información del estudiante: SQLSTATE[42S22]: Column not found: 1054 Unknown column 'u.apellido' in 'field list'
[2025-05-23 04:59:04] Avatar en sesión: https://randomuser.me/api/portraits/men/32.jpg
[2025-05-23 04:59:04] Obteniendo actividades con filtro: pendientes
[2025-05-23 04:59:04] Actividades encontradas: 0
[2025-05-23 04:59:10] Página actividades.php cargada
[2025-05-23 04:59:10] Error al obtener información del estudiante: SQLSTATE[42S22]: Column not found: 1054 Unknown column 'u.apellido' in 'field list'
[2025-05-23 04:59:10] Avatar en sesión: https://randomuser.me/api/portraits/men/32.jpg
[2025-05-23 04:59:10] Obteniendo actividades con filtro: pendientes
[2025-05-23 04:59:10] Actividades encontradas: 0
[2025-05-23 04:59:23] Página actividades.php cargada
[2025-05-23 04:59:23] Error al obtener información del estudiante: SQLSTATE[42S22]: Column not found: 1054 Unknown column 'u.apellido' in 'field list'
[2025-05-23 04:59:23] Avatar en sesión: https://randomuser.me/api/portraits/men/32.jpg
[2025-05-23 04:59:23] Obteniendo actividades con filtro: entregadas
[2025-05-23 04:59:23] Actividades encontradas: 1
[2025-05-23 04:59:24] Página actividades.php cargada
[2025-05-23 04:59:24] Error al obtener información del estudiante: SQLSTATE[42S22]: Column not found: 1054 Unknown column 'u.apellido' in 'field list'
[2025-05-23 04:59:24] Avatar en sesión: https://randomuser.me/api/portraits/men/32.jpg
[2025-05-23 04:59:24] Obteniendo actividades con filtro: calificadas
[2025-05-23 04:59:24] Actividades encontradas: 0
[2025-05-23 04:59:27] Página actividades.php cargada
[2025-05-23 04:59:27] Error al obtener información del estudiante: SQLSTATE[42S22]: Column not found: 1054 Unknown column 'u.apellido' in 'field list'
[2025-05-23 04:59:27] Avatar en sesión: https://randomuser.me/api/portraits/men/32.jpg
[2025-05-23 04:59:27] Obteniendo actividades con filtro: pendientes
[2025-05-23 04:59:27] Actividades encontradas: 0
[2025-05-23 05:00:45] Página actividades.php cargada
[2025-05-23 05:00:45] Error al obtener información del estudiante: SQLSTATE[42S22]: Column not found: 1054 Unknown column 'u.apellido' in 'field list'
[2025-05-23 05:00:45] Avatar en sesión: https://randomuser.me/api/portraits/men/32.jpg
[2025-05-23 05:00:45] Obteniendo actividades con filtro: pendientes
[2025-05-23 05:00:45] Actividades encontradas: 0
[2025-05-23 05:00:55] Página actividades.php cargada
[2025-05-23 05:00:55] Error al obtener información del estudiante: SQLSTATE[42S22]: Column not found: 1054 Unknown column 'u.apellido' in 'field list'
[2025-05-23 05:00:55] Avatar en sesión: https://randomuser.me/api/portraits/men/32.jpg
[2025-05-23 05:00:55] Obteniendo actividades con filtro: pendientes
[2025-05-23 05:00:55] Actividades encontradas: 0
[2025-05-23 05:02:42] Página actividades.php cargada
[2025-05-23 05:02:42] Error al obtener información del estudiante: SQLSTATE[42S22]: Column not found: 1054 Unknown column 'u.apellido' in 'field list'
[2025-05-23 05:02:42] Avatar en sesión: https://randomuser.me/api/portraits/men/32.jpg
[2025-05-23 05:02:42] Obteniendo actividades con filtro: entregadas
[2025-05-23 05:02:43] Actividades encontradas: 1
[2025-05-23 05:50:02] Página actividades.php cargada
[2025-05-23 05:50:02] Error al obtener información del estudiante: SQLSTATE[42S22]: Column not found: 1054 Unknown column 'u.apellido' in 'field list'
[2025-05-23 05:50:02] Avatar en sesión: https://randomuser.me/api/portraits/men/32.jpg
[2025-05-23 05:50:02] Obteniendo actividades con filtro: pendientes
[2025-05-23 05:50:02] Actividades encontradas: 1
