[2025-05-22 05:44:57] Página actividades.php cargada
[2025-05-22 05:44:57] Error al obtener información del estudiante: SQLSTATE[42S22]: Column not found: 1054 Unknown column 'u.apellido' in 'field list'
[2025-05-22 05:44:57] Avatar en sesión: https://randomuser.me/api/portraits/men/32.jpg
[2025-05-22 05:44:57] Obteniendo actividades con filtro: pendientes
[2025-05-22 05:44:58] Actividades encontradas: 0
[2025-05-22 05:45:03] Página actividades.php cargada
[2025-05-22 05:45:03] Error al obtener información del estudiante: SQLSTATE[42S22]: Column not found: 1054 Unknown column 'u.apellido' in 'field list'
[2025-05-22 05:45:03] Avatar en sesión: https://randomuser.me/api/portraits/men/32.jpg
[2025-05-22 05:45:03] Obteniendo actividades con filtro: entregadas
[2025-05-22 05:45:03] Actividades encontradas: 0
[2025-05-22 05:45:43] Página actividades.php cargada
[2025-05-22 05:45:43] Error al obtener información del estudiante: SQLSTATE[42S22]: Column not found: 1054 Unknown column 'u.apellido' in 'field list'
[2025-05-22 05:45:43] Avatar en sesión: https://randomuser.me/api/portraits/men/32.jpg
[2025-05-22 05:45:43] Obteniendo actividades con filtro: pendientes
[2025-05-22 05:45:43] Actividades encontradas: 0
[2025-05-22 05:45:53] Página actividades.php cargada
[2025-05-22 05:45:53] Error al obtener información del estudiante: SQLSTATE[42S22]: Column not found: 1054 Unknown column 'u.apellido' in 'field list'
[2025-05-22 05:45:53] Avatar en sesión: https://randomuser.me/api/portraits/men/32.jpg
[2025-05-22 05:45:53] Obteniendo actividades con filtro: pendientes
[2025-05-22 05:45:53] Actividades encontradas: 0
[2025-05-22 05:46:02] Página actividades.php cargada
[2025-05-22 05:46:02] Error al obtener información del estudiante: SQLSTATE[42S22]: Column not found: 1054 Unknown column 'u.apellido' in 'field list'
[2025-05-22 05:46:02] Avatar en sesión: https://randomuser.me/api/portraits/men/32.jpg
[2025-05-22 05:46:02] Obteniendo actividades con filtro: pendientes
[2025-05-22 05:46:02] Actividades encontradas: 0
[2025-05-22 05:46:03] Página actividades.php cargada
[2025-05-22 05:46:03] Error al obtener información del estudiante: SQLSTATE[42S22]: Column not found: 1054 Unknown column 'u.apellido' in 'field list'
[2025-05-22 05:46:03] Avatar en sesión: https://randomuser.me/api/portraits/men/32.jpg
[2025-05-22 05:46:03] Obteniendo actividades con filtro: entregadas
[2025-05-22 05:46:03] Actividades encontradas: 0
[2025-05-22 05:46:04] Página actividades.php cargada
[2025-05-22 05:46:04] Error al obtener información del estudiante: SQLSTATE[42S22]: Column not found: 1054 Unknown column 'u.apellido' in 'field list'
[2025-05-22 05:46:04] Avatar en sesión: https://randomuser.me/api/portraits/men/32.jpg
[2025-05-22 05:46:04] Obteniendo actividades con filtro: calificadas
[2025-05-22 05:46:04] Actividades encontradas: 0
[2025-05-22 05:46:05] Página actividades.php cargada
[2025-05-22 05:46:05] Error al obtener información del estudiante: SQLSTATE[42S22]: Column not found: 1054 Unknown column 'u.apellido' in 'field list'
[2025-05-22 05:46:05] Avatar en sesión: https://randomuser.me/api/portraits/men/32.jpg
[2025-05-22 05:46:05] Obteniendo actividades con filtro: todas
[2025-05-22 05:46:05] Actividades encontradas: 0
[2025-05-22 05:46:08] Página actividades.php cargada
[2025-05-22 05:46:08] Error al obtener información del estudiante: SQLSTATE[42S22]: Column not found: 1054 Unknown column 'u.apellido' in 'field list'
[2025-05-22 05:46:08] Avatar en sesión: https://randomuser.me/api/portraits/men/32.jpg
[2025-05-22 05:46:08] Obteniendo actividades con filtro: todas
[2025-05-22 05:46:08] Actividades encontradas: 0
[2025-05-22 05:54:00] Página actividades.php cargada
[2025-05-22 05:54:00] Error al obtener información del estudiante: SQLSTATE[42S22]: Column not found: 1054 Unknown column 'u.apellido' in 'field list'
[2025-05-22 05:54:00] Avatar en sesión: https://randomuser.me/api/portraits/men/32.jpg
[2025-05-22 05:54:00] Obteniendo actividades con filtro: calificadas
[2025-05-22 05:54:00] Actividades encontradas: 0
[2025-05-22 05:54:00] Página actividades.php cargada
[2025-05-22 05:54:00] Error al obtener información del estudiante: SQLSTATE[42S22]: Column not found: 1054 Unknown column 'u.apellido' in 'field list'
[2025-05-22 05:54:00] Avatar en sesión: https://randomuser.me/api/portraits/men/32.jpg
[2025-05-22 05:54:00] Obteniendo actividades con filtro: entregadas
[2025-05-22 05:54:00] Actividades encontradas: 0
[2025-05-22 05:54:01] Página actividades.php cargada
[2025-05-22 05:54:01] Error al obtener información del estudiante: SQLSTATE[42S22]: Column not found: 1054 Unknown column 'u.apellido' in 'field list'
[2025-05-22 05:54:01] Avatar en sesión: https://randomuser.me/api/portraits/men/32.jpg
[2025-05-22 05:54:01] Obteniendo actividades con filtro: pendientes
[2025-05-22 05:54:01] Actividades encontradas: 0
[2025-05-22 05:54:01] Página actividades.php cargada
[2025-05-22 05:54:01] Error al obtener información del estudiante: SQLSTATE[42S22]: Column not found: 1054 Unknown column 'u.apellido' in 'field list'
[2025-05-22 05:54:01] Avatar en sesión: https://randomuser.me/api/portraits/men/32.jpg
[2025-05-22 05:54:01] Obteniendo actividades con filtro: pendientes
[2025-05-22 05:54:01] Actividades encontradas: 0
