[2025-05-17 00:04:24] Página actividades.php cargada
[2025-05-17 00:04:24] Error al obtener información del estudiante: SQLSTATE[42S22]: Column not found: 1054 Unknown column 'u.apellido' in 'field list'
[2025-05-17 00:04:24] Obteniendo actividades con filtro: pendientes
[2025-05-17 00:04:24] Actividades encontradas: 3
[2025-05-17 00:16:13] Página actividades.php cargada
[2025-05-17 00:16:13] Error al obtener información del estudiante: SQLSTATE[42S22]: Column not found: 1054 Unknown column 'u.apellido' in 'field list'
[2025-05-17 00:16:13] Obteniendo actividades con filtro: pendientes
[2025-05-17 00:16:13] Actividades encontradas: 3
[2025-05-17 00:16:17] Página actividades.php cargada
[2025-05-17 00:16:17] Error al obtener información del estudiante: SQLSTATE[42S22]: Column not found: 1054 Unknown column 'u.apellido' in 'field list'
[2025-05-17 00:16:17] Obteniendo actividades con filtro: entregadas
[2025-05-17 00:16:17] Actividades encontradas: 0
[2025-05-17 00:16:18] Página actividades.php cargada
[2025-05-17 00:16:18] Error al obtener información del estudiante: SQLSTATE[42S22]: Column not found: 1054 Unknown column 'u.apellido' in 'field list'
[2025-05-17 00:16:18] Obteniendo actividades con filtro: pendientes
[2025-05-17 00:16:18] Actividades encontradas: 3
[2025-05-17 00:22:34] Página actividades.php cargada
[2025-05-17 00:22:34] Error al obtener información del estudiante: SQLSTATE[42S22]: Column not found: 1054 Unknown column 'u.apellido' in 'field list'
[2025-05-17 00:22:34] Obteniendo actividades con filtro: pendientes
[2025-05-17 00:22:34] Actividades encontradas: 3
[2025-05-17 00:22:58] Página actividades.php cargada
[2025-05-17 00:22:58] Error al obtener información del estudiante: SQLSTATE[42S22]: Column not found: 1054 Unknown column 'u.apellido' in 'field list'
[2025-05-17 00:22:58] Obteniendo actividades con filtro: pendientes
[2025-05-17 00:22:58] Actividades encontradas: 3
[2025-05-17 00:24:20] Página actividades.php cargada
[2025-05-17 00:24:20] Error al obtener información del estudiante: SQLSTATE[42S22]: Column not found: 1054 Unknown column 'u.apellido' in 'field list'
[2025-05-17 00:24:20] Obteniendo actividades con filtro: pendientes
[2025-05-17 00:24:20] Actividades encontradas: 3
[2025-05-17 00:24:20] Página actividades.php cargada
[2025-05-17 00:24:20] Error al obtener información del estudiante: SQLSTATE[42S22]: Column not found: 1054 Unknown column 'u.apellido' in 'field list'
[2025-05-17 00:24:20] Obteniendo actividades con filtro: entregadas
[2025-05-17 00:24:20] Actividades encontradas: 0
[2025-05-17 00:24:20] Página actividades.php cargada
[2025-05-17 00:24:20] Error al obtener información del estudiante: SQLSTATE[42S22]: Column not found: 1054 Unknown column 'u.apellido' in 'field list'
[2025-05-17 00:24:20] Obteniendo actividades con filtro: pendientes
[2025-05-17 00:24:20] Actividades encontradas: 3
[2025-05-17 00:24:22] Página actividades.php cargada
[2025-05-17 00:24:22] Error al obtener información del estudiante: SQLSTATE[42S22]: Column not found: 1054 Unknown column 'u.apellido' in 'field list'
[2025-05-17 00:24:22] Obteniendo actividades con filtro: pendientes
[2025-05-17 00:24:22] Actividades encontradas: 3
[2025-05-17 00:24:28] Página actividades.php cargada
[2025-05-17 00:24:28] Error al obtener información del estudiante: SQLSTATE[42S22]: Column not found: 1054 Unknown column 'u.apellido' in 'field list'
[2025-05-17 00:24:28] Obteniendo actividades con filtro: pendientes
[2025-05-17 00:24:28] Actividades encontradas: 3
[2025-05-17 00:24:29] Página actividades.php cargada
[2025-05-17 00:24:29] Error al obtener información del estudiante: SQLSTATE[42S22]: Column not found: 1054 Unknown column 'u.apellido' in 'field list'
[2025-05-17 00:24:29] Obteniendo actividades con filtro: pendientes
[2025-05-17 00:24:29] Actividades encontradas: 3
[2025-05-17 00:24:36] Página actividades.php cargada
[2025-05-17 00:24:36] Error al obtener información del estudiante: SQLSTATE[42S22]: Column not found: 1054 Unknown column 'u.apellido' in 'field list'
[2025-05-17 00:24:36] Obteniendo actividades con filtro: pendientes
[2025-05-17 00:24:36] Actividades encontradas: 3
[2025-05-17 00:29:22] Página actividades.php cargada
[2025-05-17 00:29:22] Error al obtener información del estudiante: SQLSTATE[42S22]: Column not found: 1054 Unknown column 'u.apellido' in 'field list'
[2025-05-17 00:29:22] Obteniendo actividades con filtro: pendientes
[2025-05-17 00:29:22] Actividades encontradas: 3
[2025-05-17 00:30:08] Página actividades.php cargada
[2025-05-17 00:30:08] Error al obtener información del estudiante: SQLSTATE[42S22]: Column not found: 1054 Unknown column 'u.apellido' in 'field list'
[2025-05-17 00:30:08] Obteniendo actividades con filtro: pendientes
[2025-05-17 00:30:08] Actividades encontradas: 3
[2025-05-17 00:30:28] Página actividades.php cargada
[2025-05-17 00:30:28] Error al obtener información del estudiante: SQLSTATE[42S22]: Column not found: 1054 Unknown column 'u.apellido' in 'field list'
[2025-05-17 00:30:28] Obteniendo actividades con filtro: pendientes
[2025-05-17 00:30:28] Actividades encontradas: 3
[2025-05-17 00:39:27] Página actividades.php cargada
[2025-05-17 00:39:27] Error al obtener información del estudiante: SQLSTATE[42S22]: Column not found: 1054 Unknown column 'u.apellido' in 'field list'
[2025-05-17 00:39:27] Obteniendo actividades con filtro: pendientes
[2025-05-17 00:39:27] Actividades encontradas: 3
[2025-05-17 00:43:14] Página actividades.php cargada
[2025-05-17 00:43:14] Error al obtener información del estudiante: SQLSTATE[42S22]: Column not found: 1054 Unknown column 'u.apellido' in 'field list'
[2025-05-17 00:43:14] Obteniendo actividades con filtro: pendientes
[2025-05-17 00:43:14] Actividades encontradas: 3
[2025-05-17 00:43:21] Página actividades.php cargada
[2025-05-17 00:43:21] Error al obtener información del estudiante: SQLSTATE[42S22]: Column not found: 1054 Unknown column 'u.apellido' in 'field list'
[2025-05-17 00:43:21] Obteniendo actividades con filtro: pendientes
[2025-05-17 00:43:21] Actividades encontradas: 3
[2025-05-17 00:44:06] Página actividades.php cargada
[2025-05-17 00:44:06] Error al obtener información del estudiante: SQLSTATE[42S22]: Column not found: 1054 Unknown column 'u.apellido' in 'field list'
[2025-05-17 00:44:06] Obteniendo actividades con filtro: pendientes
[2025-05-17 00:44:06] Actividades encontradas: 3
[2025-05-17 00:44:32] Página actividades.php cargada
[2025-05-17 00:44:32] Error al obtener información del estudiante: SQLSTATE[42S22]: Column not found: 1054 Unknown column 'u.apellido' in 'field list'
[2025-05-17 00:44:32] Obteniendo actividades con filtro: pendientes
[2025-05-17 00:44:32] Actividades encontradas: 3
[2025-05-17 00:46:15] Página actividades.php cargada
[2025-05-17 00:46:15] Error al obtener información del estudiante: SQLSTATE[42S22]: Column not found: 1054 Unknown column 'u.apellido' in 'field list'
[2025-05-17 00:46:15] Obteniendo actividades con filtro: pendientes
[2025-05-17 00:46:15] Actividades encontradas: 3
[2025-05-17 00:46:16] Página actividades.php cargada
[2025-05-17 00:46:16] Error al obtener información del estudiante: SQLSTATE[42S22]: Column not found: 1054 Unknown column 'u.apellido' in 'field list'
[2025-05-17 00:46:16] Obteniendo actividades con filtro: pendientes
[2025-05-17 00:46:17] Actividades encontradas: 3
[2025-05-17 00:46:17] Página actividades.php cargada
[2025-05-17 00:46:17] Error al obtener información del estudiante: SQLSTATE[42S22]: Column not found: 1054 Unknown column 'u.apellido' in 'field list'
[2025-05-17 00:46:17] Obteniendo actividades con filtro: pendientes
[2025-05-17 00:46:17] Actividades encontradas: 3
[2025-05-17 00:46:32] Página actividades.php cargada
[2025-05-17 00:46:32] Error al obtener información del estudiante: SQLSTATE[42S22]: Column not found: 1054 Unknown column 'u.apellido' in 'field list'
[2025-05-17 00:46:32] Obteniendo actividades con filtro: pendientes
[2025-05-17 00:46:32] Actividades encontradas: 2
[2025-05-17 00:48:00] Página actividades.php cargada
[2025-05-17 00:48:00] Error al obtener información del estudiante: SQLSTATE[42S22]: Column not found: 1054 Unknown column 'u.apellido' in 'field list'
[2025-05-17 00:48:00] Obteniendo actividades con filtro: pendientes
[2025-05-17 00:48:00] Actividades encontradas: 2
[2025-05-17 00:58:23] Página actividades.php cargada
[2025-05-17 00:58:23] Error al obtener información del estudiante: SQLSTATE[42S22]: Column not found: 1054 Unknown column 'u.apellido' in 'field list'
[2025-05-17 00:58:23] Obteniendo actividades con filtro: pendientes
[2025-05-17 00:58:23] Actividades encontradas: 2
[2025-05-17 00:58:27] Página actividades.php cargada
[2025-05-17 00:58:27] Error al obtener información del estudiante: SQLSTATE[42S22]: Column not found: 1054 Unknown column 'u.apellido' in 'field list'
[2025-05-17 00:58:27] Obteniendo actividades con filtro: pendientes
[2025-05-17 00:58:27] Actividades encontradas: 2
[2025-05-17 00:58:42] Página actividades.php cargada
[2025-05-17 00:58:42] Error al obtener información del estudiante: SQLSTATE[42S22]: Column not found: 1054 Unknown column 'u.apellido' in 'field list'
[2025-05-17 00:58:42] Obteniendo actividades con filtro: pendientes
[2025-05-17 00:58:42] Actividades encontradas: 2
[2025-05-17 00:58:59] Página actividades.php cargada
[2025-05-17 00:58:59] Error al obtener información del estudiante: SQLSTATE[42S22]: Column not found: 1054 Unknown column 'u.apellido' in 'field list'
[2025-05-17 00:58:59] Obteniendo actividades con filtro: pendientes
[2025-05-17 00:58:59] Actividades encontradas: 2
[2025-05-17 00:59:07] Página actividades.php cargada
[2025-05-17 00:59:07] Error al obtener información del estudiante: SQLSTATE[42S22]: Column not found: 1054 Unknown column 'u.apellido' in 'field list'
[2025-05-17 00:59:07] Obteniendo actividades con filtro: pendientes
[2025-05-17 00:59:07] Actividades encontradas: 2
[2025-05-17 01:01:10] Página actividades.php cargada
[2025-05-17 01:01:10] Error al obtener información del estudiante: SQLSTATE[42S22]: Column not found: 1054 Unknown column 'u.apellido' in 'field list'
[2025-05-17 01:01:10] Obteniendo actividades con filtro: pendientes
[2025-05-17 01:01:10] Actividades encontradas: 2
[2025-05-17 01:08:01] Página actividades.php cargada
[2025-05-17 01:08:01] Error al obtener información del estudiante: SQLSTATE[42S22]: Column not found: 1054 Unknown column 'u.apellido' in 'field list'
[2025-05-17 01:08:01] Obteniendo actividades con filtro: pendientes
[2025-05-17 01:08:01] Actividades encontradas: 2
[2025-05-17 01:08:14] Página actividades.php cargada
[2025-05-17 01:08:14] Error al obtener información del estudiante: SQLSTATE[42S22]: Column not found: 1054 Unknown column 'u.apellido' in 'field list'
[2025-05-17 01:08:14] Obteniendo actividades con filtro: pendientes
[2025-05-17 01:08:14] Actividades encontradas: 2
[2025-05-17 01:08:14] Página actividades.php cargada
[2025-05-17 01:08:14] Error al obtener información del estudiante: SQLSTATE[42S22]: Column not found: 1054 Unknown column 'u.apellido' in 'field list'
[2025-05-17 01:08:14] Obteniendo actividades con filtro: pendientes
[2025-05-17 01:08:14] Actividades encontradas: 2
[2025-05-17 01:08:17] Página actividades.php cargada
[2025-05-17 01:08:17] Error al obtener información del estudiante: SQLSTATE[42S22]: Column not found: 1054 Unknown column 'u.apellido' in 'field list'
[2025-05-17 01:08:17] Obteniendo actividades con filtro: entregadas
[2025-05-17 01:08:17] Actividades encontradas: 1
[2025-05-17 01:08:27] Página actividades.php cargada
[2025-05-17 01:08:27] Error al obtener información del estudiante: SQLSTATE[42S22]: Column not found: 1054 Unknown column 'u.apellido' in 'field list'
[2025-05-17 01:08:27] Obteniendo actividades con filtro: entregadas
[2025-05-17 01:08:27] Actividades encontradas: 1
[2025-05-17 01:08:34] Página actividades.php cargada
[2025-05-17 01:08:34] Error al obtener información del estudiante: SQLSTATE[42S22]: Column not found: 1054 Unknown column 'u.apellido' in 'field list'
[2025-05-17 01:08:34] Obteniendo actividades con filtro: entregadas
[2025-05-17 01:08:34] Actividades encontradas: 1
[2025-05-17 01:08:35] Página actividades.php cargada
[2025-05-17 01:08:35] Error al obtener información del estudiante: SQLSTATE[42S22]: Column not found: 1054 Unknown column 'u.apellido' in 'field list'
[2025-05-17 01:08:35] Obteniendo actividades con filtro: todas
[2025-05-17 01:08:35] Actividades encontradas: 3
[2025-05-17 01:08:36] Página actividades.php cargada
[2025-05-17 01:08:36] Error al obtener información del estudiante: SQLSTATE[42S22]: Column not found: 1054 Unknown column 'u.apellido' in 'field list'
[2025-05-17 01:08:36] Obteniendo actividades con filtro: calificadas
[2025-05-17 01:08:36] Actividades encontradas: 0
[2025-05-17 01:08:37] Página actividades.php cargada
[2025-05-17 01:08:37] Error al obtener información del estudiante: SQLSTATE[42S22]: Column not found: 1054 Unknown column 'u.apellido' in 'field list'
[2025-05-17 01:08:37] Obteniendo actividades con filtro: entregadas
[2025-05-17 01:08:37] Actividades encontradas: 1
[2025-05-17 01:08:53] Página actividades.php cargada
[2025-05-17 01:08:53] Error al obtener información del estudiante: SQLSTATE[42S22]: Column not found: 1054 Unknown column 'u.apellido' in 'field list'
[2025-05-17 01:08:53] Obteniendo actividades con filtro: entregadas
[2025-05-17 01:08:53] Actividades encontradas: 1
[2025-05-17 01:08:53] Página actividades.php cargada
[2025-05-17 01:08:53] Error al obtener información del estudiante: SQLSTATE[42S22]: Column not found: 1054 Unknown column 'u.apellido' in 'field list'
[2025-05-17 01:08:53] Obteniendo actividades con filtro: entregadas
[2025-05-17 01:08:53] Actividades encontradas: 1
[2025-05-17 01:08:53] Página actividades.php cargada
[2025-05-17 01:08:53] Error al obtener información del estudiante: SQLSTATE[42S22]: Column not found: 1054 Unknown column 'u.apellido' in 'field list'
[2025-05-17 01:08:53] Obteniendo actividades con filtro: entregadas
[2025-05-17 01:08:53] Actividades encontradas: 1
[2025-05-17 01:08:53] Página actividades.php cargada
[2025-05-17 01:08:53] Error al obtener información del estudiante: SQLSTATE[42S22]: Column not found: 1054 Unknown column 'u.apellido' in 'field list'
[2025-05-17 01:08:53] Obteniendo actividades con filtro: entregadas
[2025-05-17 01:08:53] Actividades encontradas: 1
[2025-05-17 01:08:54] Página actividades.php cargada
[2025-05-17 01:08:54] Error al obtener información del estudiante: SQLSTATE[42S22]: Column not found: 1054 Unknown column 'u.apellido' in 'field list'
[2025-05-17 01:08:54] Obteniendo actividades con filtro: calificadas
[2025-05-17 01:08:54] Actividades encontradas: 0
[2025-05-17 01:08:55] Página actividades.php cargada
[2025-05-17 01:08:55] Error al obtener información del estudiante: SQLSTATE[42S22]: Column not found: 1054 Unknown column 'u.apellido' in 'field list'
[2025-05-17 01:08:55] Obteniendo actividades con filtro: entregadas
[2025-05-17 01:08:55] Actividades encontradas: 1
[2025-05-17 01:08:55] Página actividades.php cargada
[2025-05-17 01:08:55] Error al obtener información del estudiante: SQLSTATE[42S22]: Column not found: 1054 Unknown column 'u.apellido' in 'field list'
[2025-05-17 01:08:55] Obteniendo actividades con filtro: calificadas
[2025-05-17 01:08:55] Actividades encontradas: 0
[2025-05-17 01:08:58] Página actividades.php cargada
[2025-05-17 01:08:58] Error al obtener información del estudiante: SQLSTATE[42S22]: Column not found: 1054 Unknown column 'u.apellido' in 'field list'
[2025-05-17 01:08:58] Obteniendo actividades con filtro: pendientes
[2025-05-17 01:08:58] Actividades encontradas: 2
[2025-05-17 01:09:05] Página actividades.php cargada
[2025-05-17 01:09:05] Error al obtener información del estudiante: SQLSTATE[42S22]: Column not found: 1054 Unknown column 'u.apellido' in 'field list'
[2025-05-17 01:09:05] Obteniendo actividades con filtro: pendientes
[2025-05-17 01:09:05] Actividades encontradas: 1
[2025-05-17 01:09:05] Página actividades.php cargada
[2025-05-17 01:09:05] Error al obtener información del estudiante: SQLSTATE[42S22]: Column not found: 1054 Unknown column 'u.apellido' in 'field list'
[2025-05-17 01:09:05] Obteniendo actividades con filtro: entregadas
[2025-05-17 01:09:05] Actividades encontradas: 2
[2025-05-17 01:09:37] Página actividades.php cargada
[2025-05-17 01:09:37] Error al obtener información del estudiante: SQLSTATE[42S22]: Column not found: 1054 Unknown column 'u.apellido' in 'field list'
[2025-05-17 01:09:37] Obteniendo actividades con filtro: pendientes
[2025-05-17 01:09:37] Actividades encontradas: 1
[2025-05-17 01:09:39] Página actividades.php cargada
[2025-05-17 01:09:39] Error al obtener información del estudiante: SQLSTATE[42S22]: Column not found: 1054 Unknown column 'u.apellido' in 'field list'
[2025-05-17 01:09:39] Obteniendo actividades con filtro: pendientes
[2025-05-17 01:09:39] Actividades encontradas: 1
[2025-05-17 01:09:40] Página actividades.php cargada
[2025-05-17 01:09:40] Error al obtener información del estudiante: SQLSTATE[42S22]: Column not found: 1054 Unknown column 'u.apellido' in 'field list'
[2025-05-17 01:09:40] Obteniendo actividades con filtro: pendientes
[2025-05-17 01:09:40] Actividades encontradas: 1
[2025-05-17 01:09:40] Página actividades.php cargada
[2025-05-17 01:09:40] Error al obtener información del estudiante: SQLSTATE[42S22]: Column not found: 1054 Unknown column 'u.apellido' in 'field list'
[2025-05-17 01:09:40] Obteniendo actividades con filtro: entregadas
[2025-05-17 01:09:40] Actividades encontradas: 1
[2025-05-17 01:09:41] Página actividades.php cargada
[2025-05-17 01:09:41] Error al obtener información del estudiante: SQLSTATE[42S22]: Column not found: 1054 Unknown column 'u.apellido' in 'field list'
[2025-05-17 01:09:41] Obteniendo actividades con filtro: calificadas
[2025-05-17 01:09:41] Actividades encontradas: 1
[2025-05-17 01:09:54] Página actividades.php cargada
[2025-05-17 01:09:54] Error al obtener información del estudiante: SQLSTATE[42S22]: Column not found: 1054 Unknown column 'u.apellido' in 'field list'
[2025-05-17 01:09:54] Obteniendo actividades con filtro: todas
[2025-05-17 01:09:54] Actividades encontradas: 3
[2025-05-17 01:09:54] Página actividades.php cargada
[2025-05-17 01:09:54] Error al obtener información del estudiante: SQLSTATE[42S22]: Column not found: 1054 Unknown column 'u.apellido' in 'field list'
[2025-05-17 01:09:54] Obteniendo actividades con filtro: calificadas
[2025-05-17 01:09:54] Actividades encontradas: 1
[2025-05-17 01:09:55] Página actividades.php cargada
[2025-05-17 01:09:55] Error al obtener información del estudiante: SQLSTATE[42S22]: Column not found: 1054 Unknown column 'u.apellido' in 'field list'
[2025-05-17 01:09:55] Obteniendo actividades con filtro: entregadas
[2025-05-17 01:09:55] Actividades encontradas: 1
[2025-05-17 01:09:57] Página actividades.php cargada
[2025-05-17 01:09:57] Error al obtener información del estudiante: SQLSTATE[42S22]: Column not found: 1054 Unknown column 'u.apellido' in 'field list'
[2025-05-17 01:09:57] Obteniendo actividades con filtro: calificadas
[2025-05-17 01:09:57] Actividades encontradas: 1
[2025-05-17 01:09:57] Página actividades.php cargada
[2025-05-17 01:09:57] Error al obtener información del estudiante: SQLSTATE[42S22]: Column not found: 1054 Unknown column 'u.apellido' in 'field list'
[2025-05-17 01:09:57] Obteniendo actividades con filtro: todas
[2025-05-17 01:09:57] Actividades encontradas: 3
[2025-05-17 01:10:25] Página actividades.php cargada
[2025-05-17 01:10:25] Error al obtener información del estudiante: SQLSTATE[42S22]: Column not found: 1054 Unknown column 'u.apellido' in 'field list'
[2025-05-17 01:10:25] Obteniendo actividades con filtro: pendientes
[2025-05-17 01:10:25] Actividades encontradas: 1
[2025-05-17 01:12:40] Página actividades.php cargada
[2025-05-17 01:12:40] Error al obtener información del estudiante: SQLSTATE[42S22]: Column not found: 1054 Unknown column 'u.apellido' in 'field list'
[2025-05-17 01:12:40] Obteniendo actividades con filtro: pendientes
[2025-05-17 01:12:40] Actividades encontradas: 1
[2025-05-17 01:13:32] Página actividades.php cargada
[2025-05-17 01:13:32] Error al obtener información del estudiante: SQLSTATE[42S22]: Column not found: 1054 Unknown column 'u.apellido' in 'field list'
[2025-05-17 01:13:32] Obteniendo actividades con filtro: pendientes
[2025-05-17 01:13:32] Actividades encontradas: 1
[2025-05-17 01:13:34] Página actividades.php cargada
[2025-05-17 01:13:34] Error al obtener información del estudiante: SQLSTATE[42S22]: Column not found: 1054 Unknown column 'u.apellido' in 'field list'
[2025-05-17 01:13:34] Obteniendo actividades con filtro: pendientes
[2025-05-17 01:13:34] Actividades encontradas: 1
[2025-05-17 01:13:35] Página actividades.php cargada
[2025-05-17 01:13:35] Error al obtener información del estudiante: SQLSTATE[42S22]: Column not found: 1054 Unknown column 'u.apellido' in 'field list'
[2025-05-17 01:13:35] Obteniendo actividades con filtro: pendientes
[2025-05-17 01:13:35] Actividades encontradas: 1
[2025-05-17 01:13:36] Página actividades.php cargada
[2025-05-17 01:13:36] Error al obtener información del estudiante: SQLSTATE[42S22]: Column not found: 1054 Unknown column 'u.apellido' in 'field list'
[2025-05-17 01:13:36] Obteniendo actividades con filtro: pendientes
[2025-05-17 01:13:36] Actividades encontradas: 1
[2025-05-17 01:14:51] Página actividades.php cargada
[2025-05-17 01:14:51] Error al obtener información del estudiante: SQLSTATE[42S22]: Column not found: 1054 Unknown column 'u.apellido' in 'field list'
[2025-05-17 01:14:51] Obteniendo actividades con filtro: pendientes
[2025-05-17 01:14:51] Actividades encontradas: 1
[2025-05-17 01:17:32] Página actividades.php cargada
[2025-05-17 01:17:32] Error al obtener información del estudiante: SQLSTATE[42S22]: Column not found: 1054 Unknown column 'u.apellido' in 'field list'
[2025-05-17 01:17:32] Obteniendo actividades con filtro: pendientes
[2025-05-17 01:17:32] Actividades encontradas: 1
[2025-05-17 01:17:34] Página actividades.php cargada
[2025-05-17 01:17:34] Error al obtener información del estudiante: SQLSTATE[42S22]: Column not found: 1054 Unknown column 'u.apellido' in 'field list'
[2025-05-17 01:17:34] Obteniendo actividades con filtro: entregadas
[2025-05-17 01:17:34] Actividades encontradas: 1
[2025-05-17 01:17:34] Página actividades.php cargada
[2025-05-17 01:17:34] Error al obtener información del estudiante: SQLSTATE[42S22]: Column not found: 1054 Unknown column 'u.apellido' in 'field list'
[2025-05-17 01:17:34] Obteniendo actividades con filtro: pendientes
[2025-05-17 01:17:34] Actividades encontradas: 1
[2025-05-17 01:17:50] Página actividades.php cargada
[2025-05-17 01:17:50] Error al obtener información del estudiante: SQLSTATE[42S22]: Column not found: 1054 Unknown column 'u.apellido' in 'field list'
[2025-05-17 01:17:50] Obteniendo actividades con filtro: pendientes
[2025-05-17 01:17:50] Actividades encontradas: 1
[2025-05-17 01:20:52] Página actividades.php cargada
[2025-05-17 01:20:52] Error al obtener información del estudiante: SQLSTATE[42S22]: Column not found: 1054 Unknown column 'u.apellido' in 'field list'
[2025-05-17 01:20:52] Obteniendo actividades con filtro: pendientes
[2025-05-17 01:20:52] Actividades encontradas: 1
[2025-05-17 01:21:07] Página actividades.php cargada
[2025-05-17 01:21:07] Error al obtener información del estudiante: SQLSTATE[42S22]: Column not found: 1054 Unknown column 'u.apellido' in 'field list'
[2025-05-17 01:21:07] Obteniendo actividades con filtro: pendientes
[2025-05-17 01:21:07] Actividades encontradas: 1
[2025-05-17 01:21:08] Página actividades.php cargada
[2025-05-17 01:21:08] Error al obtener información del estudiante: SQLSTATE[42S22]: Column not found: 1054 Unknown column 'u.apellido' in 'field list'
[2025-05-17 01:21:08] Obteniendo actividades con filtro: pendientes
[2025-05-17 01:21:08] Actividades encontradas: 1
[2025-05-17 01:24:48] Página actividades.php cargada
[2025-05-17 01:24:48] Error al obtener información del estudiante: SQLSTATE[42S22]: Column not found: 1054 Unknown column 'u.apellido' in 'field list'
[2025-05-17 01:24:48] Obteniendo actividades con filtro: pendientes
[2025-05-17 01:24:48] Actividades encontradas: 1
[2025-05-17 01:26:42] Página actividades.php cargada
[2025-05-17 01:26:42] Error al obtener información del estudiante: SQLSTATE[42S22]: Column not found: 1054 Unknown column 'u.apellido' in 'field list'
[2025-05-17 01:26:42] Obteniendo actividades con filtro: pendientes
[2025-05-17 01:26:42] Actividades encontradas: 1
[2025-05-17 01:30:26] Página actividades.php cargada
[2025-05-17 01:30:26] Error al obtener información del estudiante: SQLSTATE[42S22]: Column not found: 1054 Unknown column 'u.apellido' in 'field list'
[2025-05-17 01:30:26] Obteniendo actividades con filtro: pendientes
[2025-05-17 01:30:26] Actividades encontradas: 1
[2025-05-17 01:30:29] Página actividades.php cargada
[2025-05-17 01:30:29] Error al obtener información del estudiante: SQLSTATE[42S22]: Column not found: 1054 Unknown column 'u.apellido' in 'field list'
[2025-05-17 01:30:29] Obteniendo actividades con filtro: pendientes
[2025-05-17 01:30:29] Actividades encontradas: 1
[2025-05-17 01:30:30] Página actividades.php cargada
[2025-05-17 01:30:30] Error al obtener información del estudiante: SQLSTATE[42S22]: Column not found: 1054 Unknown column 'u.apellido' in 'field list'
[2025-05-17 01:30:30] Obteniendo actividades con filtro: pendientes
[2025-05-17 01:30:30] Actividades encontradas: 1
[2025-05-17 01:38:32] Página actividades.php cargada
[2025-05-17 01:38:32] Error al obtener información del estudiante: SQLSTATE[42S22]: Column not found: 1054 Unknown column 'u.apellido' in 'field list'
[2025-05-17 01:38:32] Obteniendo actividades con filtro: pendientes
[2025-05-17 01:38:32] Actividades encontradas: 1
[2025-05-17 01:38:40] Página actividades.php cargada
[2025-05-17 01:38:40] Error al obtener información del estudiante: SQLSTATE[42S22]: Column not found: 1054 Unknown column 'u.apellido' in 'field list'
[2025-05-17 01:38:40] Obteniendo actividades con filtro: entregadas
[2025-05-17 01:38:40] Actividades encontradas: 1
[2025-05-17 01:39:58] Página actividades.php cargada
[2025-05-17 01:39:58] Error al obtener información del estudiante: SQLSTATE[42S22]: Column not found: 1054 Unknown column 'u.apellido' in 'field list'
[2025-05-17 01:39:58] Obteniendo actividades con filtro: pendientes
[2025-05-17 01:39:58] Actividades encontradas: 1
[2025-05-17 01:40:06] Página actividades.php cargada
[2025-05-17 01:40:06] Error al obtener información del estudiante: SQLSTATE[42S22]: Column not found: 1054 Unknown column 'u.apellido' in 'field list'
[2025-05-17 01:40:06] Obteniendo actividades con filtro: pendientes
[2025-05-17 01:40:06] Actividades encontradas: 1
[2025-05-17 01:40:58] Página actividades.php cargada
[2025-05-17 01:40:58] Error al obtener información del estudiante: SQLSTATE[42S22]: Column not found: 1054 Unknown column 'u.apellido' in 'field list'
[2025-05-17 01:40:58] Obteniendo actividades con filtro: pendientes
[2025-05-17 01:40:58] Actividades encontradas: 1
[2025-05-17 01:41:08] Página actividades.php cargada
[2025-05-17 01:41:08] Error al obtener información del estudiante: SQLSTATE[42S22]: Column not found: 1054 Unknown column 'u.apellido' in 'field list'
[2025-05-17 01:41:08] Obteniendo actividades con filtro: pendientes
[2025-05-17 01:41:08] Actividades encontradas: 1
[2025-05-17 01:44:06] Página actividades.php cargada
[2025-05-17 01:44:06] Error al obtener información del estudiante: SQLSTATE[42S22]: Column not found: 1054 Unknown column 'u.apellido' in 'field list'
[2025-05-17 01:44:06] Obteniendo actividades con filtro: pendientes
[2025-05-17 01:44:06] Actividades encontradas: 1
[2025-05-17 01:50:26] Página actividades.php cargada
[2025-05-17 01:50:26] Error al obtener información del estudiante: SQLSTATE[42S22]: Column not found: 1054 Unknown column 'u.apellido' in 'field list'
[2025-05-17 01:50:26] Obteniendo actividades con filtro: pendientes
[2025-05-17 01:50:26] Actividades encontradas: 1
[2025-05-17 01:59:34] Página actividades.php cargada
[2025-05-17 01:59:34] Error al obtener información del estudiante: SQLSTATE[42S22]: Column not found: 1054 Unknown column 'u.apellido' in 'field list'
[2025-05-17 01:59:34] Obteniendo actividades con filtro: pendientes
[2025-05-17 01:59:34] Actividades encontradas: 1
[2025-05-17 02:26:15] Página actividades.php cargada
[2025-05-17 02:26:15] Error al obtener información del estudiante: SQLSTATE[42S22]: Column not found: 1054 Unknown column 'u.apellido' in 'field list'
[2025-05-17 02:26:15] Obteniendo actividades con filtro: pendientes
[2025-05-17 02:26:15] Actividades encontradas: 1
[2025-05-17 02:33:27] Página actividades.php cargada
[2025-05-17 02:33:27] Error al obtener información del estudiante: SQLSTATE[42S22]: Column not found: 1054 Unknown column 'u.apellido' in 'field list'
[2025-05-17 02:33:27] Obteniendo actividades con filtro: pendientes
[2025-05-17 02:33:27] Actividades encontradas: 1
[2025-05-17 02:33:36] Página actividades.php cargada
[2025-05-17 02:33:36] Error al obtener información del estudiante: SQLSTATE[42S22]: Column not found: 1054 Unknown column 'u.apellido' in 'field list'
[2025-05-17 02:33:36] Obteniendo actividades con filtro: pendientes
[2025-05-17 02:33:36] Actividades encontradas: 1
[2025-05-17 02:37:12] Página actividades.php cargada
[2025-05-17 02:37:12] Error al obtener información del estudiante: SQLSTATE[42S22]: Column not found: 1054 Unknown column 'u.apellido' in 'field list'
[2025-05-17 02:37:12] Obteniendo actividades con filtro: pendientes
[2025-05-17 02:37:12] Actividades encontradas: 1
[2025-05-17 02:43:01] Página actividades.php cargada
[2025-05-17 02:43:01] Error al obtener información del estudiante: SQLSTATE[42S22]: Column not found: 1054 Unknown column 'u.apellido' in 'field list'
[2025-05-17 02:43:01] Obteniendo actividades con filtro: pendientes
[2025-05-17 02:43:01] Actividades encontradas: 1
[2025-05-17 02:44:16] Página actividades.php cargada
[2025-05-17 02:44:16] Error al obtener información del estudiante: SQLSTATE[42S22]: Column not found: 1054 Unknown column 'u.apellido' in 'field list'
[2025-05-17 02:44:16] Obteniendo actividades con filtro: pendientes
[2025-05-17 02:44:16] Actividades encontradas: 1
[2025-05-17 02:44:26] Página actividades.php cargada
[2025-05-17 02:44:26] Error al obtener información del estudiante: SQLSTATE[42S22]: Column not found: 1054 Unknown column 'u.apellido' in 'field list'
[2025-05-17 02:44:26] Obteniendo actividades con filtro: pendientes
[2025-05-17 02:44:26] Actividades encontradas: 1
[2025-05-17 02:57:25] Página actividades.php cargada
[2025-05-17 02:57:25] Error al obtener información del estudiante: SQLSTATE[42S22]: Column not found: 1054 Unknown column 'u.apellido' in 'field list'
[2025-05-17 02:57:25] Obteniendo actividades con filtro: pendientes
[2025-05-17 02:57:25] Actividades encontradas: 1
[2025-05-17 02:57:57] Página actividades.php cargada
[2025-05-17 02:57:57] Error al obtener información del estudiante: SQLSTATE[42S22]: Column not found: 1054 Unknown column 'u.apellido' in 'field list'
[2025-05-17 02:57:57] Obteniendo actividades con filtro: pendientes
[2025-05-17 02:57:57] Actividades encontradas: 2
[2025-05-17 02:58:06] Página actividades.php cargada
[2025-05-17 02:58:06] Error al obtener información del estudiante: SQLSTATE[42S22]: Column not found: 1054 Unknown column 'u.apellido' in 'field list'
[2025-05-17 02:58:06] Obteniendo actividades con filtro: pendientes
[2025-05-17 02:58:06] Actividades encontradas: 2
[2025-05-17 03:02:17] Página actividades.php cargada
[2025-05-17 03:02:17] Error al obtener información del estudiante: SQLSTATE[42S22]: Column not found: 1054 Unknown column 'u.apellido' in 'field list'
[2025-05-17 03:02:17] Obteniendo actividades con filtro: pendientes
[2025-05-17 03:02:17] Actividades encontradas: 2
[2025-05-17 03:02:28] Página actividades.php cargada
[2025-05-17 03:02:28] Error al obtener información del estudiante: SQLSTATE[42S22]: Column not found: 1054 Unknown column 'u.apellido' in 'field list'
[2025-05-17 03:02:28] Obteniendo actividades con filtro: pendientes
[2025-05-17 03:02:28] Actividades encontradas: 2
[2025-05-17 03:02:29] Página actividades.php cargada
[2025-05-17 03:02:29] Error al obtener información del estudiante: SQLSTATE[42S22]: Column not found: 1054 Unknown column 'u.apellido' in 'field list'
[2025-05-17 03:02:29] Obteniendo actividades con filtro: pendientes
[2025-05-17 03:02:29] Actividades encontradas: 2
[2025-05-17 03:02:31] Página actividades.php cargada
[2025-05-17 03:02:31] Error al obtener información del estudiante: SQLSTATE[42S22]: Column not found: 1054 Unknown column 'u.apellido' in 'field list'
[2025-05-17 03:02:31] Obteniendo actividades con filtro: pendientes
[2025-05-17 03:02:31] Actividades encontradas: 2
[2025-05-17 03:03:41] Página actividades.php cargada
[2025-05-17 03:03:41] Error al obtener información del estudiante: SQLSTATE[42S22]: Column not found: 1054 Unknown column 'u.apellido' in 'field list'
[2025-05-17 03:03:41] Obteniendo actividades con filtro: pendientes
[2025-05-17 03:03:41] Actividades encontradas: 2
[2025-05-17 03:03:57] Página actividades.php cargada
[2025-05-17 03:03:57] Error al obtener información del estudiante: SQLSTATE[42S22]: Column not found: 1054 Unknown column 'u.apellido' in 'field list'
[2025-05-17 03:03:57] Obteniendo actividades con filtro: pendientes
[2025-05-17 03:03:57] Actividades encontradas: 2
[2025-05-17 03:03:59] Página actividades.php cargada
[2025-05-17 03:03:59] Error al obtener información del estudiante: SQLSTATE[42S22]: Column not found: 1054 Unknown column 'u.apellido' in 'field list'
[2025-05-17 03:03:59] Obteniendo actividades con filtro: pendientes
[2025-05-17 03:03:59] Actividades encontradas: 2
[2025-05-17 05:21:15] Página actividades.php cargada
[2025-05-17 05:21:15] Error al obtener información del estudiante: SQLSTATE[42S22]: Column not found: 1054 Unknown column 'u.apellido' in 'field list'
[2025-05-17 05:21:15] Obteniendo actividades con filtro: pendientes
[2025-05-17 05:21:15] Actividades encontradas: 2
[2025-05-17 05:23:04] Página actividades.php cargada
[2025-05-17 05:23:04] Error al obtener información del estudiante: SQLSTATE[42S22]: Column not found: 1054 Unknown column 'u.apellido' in 'field list'
[2025-05-17 05:23:04] Obteniendo actividades con filtro: pendientes
[2025-05-17 05:23:04] Actividades encontradas: 2
[2025-05-17 05:23:06] Página actividades.php cargada
[2025-05-17 05:23:06] Error al obtener información del estudiante: SQLSTATE[42S22]: Column not found: 1054 Unknown column 'u.apellido' in 'field list'
[2025-05-17 05:23:06] Obteniendo actividades con filtro: pendientes
[2025-05-17 05:23:06] Actividades encontradas: 2
[2025-05-17 05:23:22] Página actividades.php cargada
[2025-05-17 05:23:22] Error al obtener información del estudiante: SQLSTATE[42S22]: Column not found: 1054 Unknown column 'u.apellido' in 'field list'
[2025-05-17 05:23:22] Obteniendo actividades con filtro: pendientes
[2025-05-17 05:23:22] Actividades encontradas: 2
[2025-05-17 05:33:15] Página actividades.php cargada
[2025-05-17 05:33:15] Error al obtener información del estudiante: SQLSTATE[42S22]: Column not found: 1054 Unknown column 'u.apellido' in 'field list'
[2025-05-17 05:33:15] Obteniendo actividades con filtro: pendientes
[2025-05-17 05:33:15] Actividades encontradas: 2
[2025-05-17 06:03:25] Página actividades.php cargada
[2025-05-17 06:03:25] Error al obtener información del estudiante: SQLSTATE[42S22]: Column not found: 1054 Unknown column 'u.apellido' in 'field list'
[2025-05-17 06:03:25] Obteniendo actividades con filtro: pendientes
[2025-05-17 06:03:25] Actividades encontradas: 2
[2025-05-17 06:03:27] Página actividades.php cargada
[2025-05-17 06:03:27] Error al obtener información del estudiante: SQLSTATE[42S22]: Column not found: 1054 Unknown column 'u.apellido' in 'field list'
[2025-05-17 06:03:27] Obteniendo actividades con filtro: pendientes
[2025-05-17 06:03:27] Actividades encontradas: 2
[2025-05-17 06:30:56] Página actividades.php cargada
[2025-05-17 06:30:56] Error al obtener información del estudiante: SQLSTATE[42S22]: Column not found: 1054 Unknown column 'u.apellido' in 'field list'
[2025-05-17 06:30:56] Obteniendo actividades con filtro: pendientes
[2025-05-17 06:30:56] Actividades encontradas: 2
[2025-05-17 06:31:16] Página actividades.php cargada
[2025-05-17 06:31:16] Error al obtener información del estudiante: SQLSTATE[42S22]: Column not found: 1054 Unknown column 'u.apellido' in 'field list'
[2025-05-17 06:31:16] Obteniendo actividades con filtro: pendientes
[2025-05-17 06:31:16] Actividades encontradas: 2
[2025-05-17 06:52:10] Página actividades.php cargada
[2025-05-17 06:52:10] Error al obtener información del estudiante: SQLSTATE[42S22]: Column not found: 1054 Unknown column 'u.apellido' in 'field list'
[2025-05-17 06:52:10] Obteniendo actividades con filtro: pendientes
[2025-05-17 06:52:10] Actividades encontradas: 2
[2025-05-17 06:52:24] Página actividades.php cargada
[2025-05-17 06:52:24] Error al obtener información del estudiante: SQLSTATE[42S22]: Column not found: 1054 Unknown column 'u.apellido' in 'field list'
[2025-05-17 06:52:24] Obteniendo actividades con filtro: pendientes
[2025-05-17 06:52:24] Actividades encontradas: 2
[2025-05-17 06:52:25] Página actividades.php cargada
[2025-05-17 06:52:25] Error al obtener información del estudiante: SQLSTATE[42S22]: Column not found: 1054 Unknown column 'u.apellido' in 'field list'
[2025-05-17 06:52:25] Obteniendo actividades con filtro: pendientes
[2025-05-17 06:52:25] Actividades encontradas: 2
[2025-05-17 06:52:36] Página actividades.php cargada
[2025-05-17 06:52:36] Error al obtener información del estudiante: SQLSTATE[42S22]: Column not found: 1054 Unknown column 'u.apellido' in 'field list'
[2025-05-17 06:52:36] Obteniendo actividades con filtro: pendientes
[2025-05-17 06:52:36] Actividades encontradas: 2
[2025-05-17 06:52:37] Página actividades.php cargada
[2025-05-17 06:52:37] Error al obtener información del estudiante: SQLSTATE[42S22]: Column not found: 1054 Unknown column 'u.apellido' in 'field list'
[2025-05-17 06:52:37] Obteniendo actividades con filtro: pendientes
[2025-05-17 06:52:37] Actividades encontradas: 2
[2025-05-17 06:52:39] Página actividades.php cargada
[2025-05-17 06:52:39] Error al obtener información del estudiante: SQLSTATE[42S22]: Column not found: 1054 Unknown column 'u.apellido' in 'field list'
[2025-05-17 06:52:39] Obteniendo actividades con filtro: pendientes
[2025-05-17 06:52:39] Actividades encontradas: 2
[2025-05-17 06:52:52] Página actividades.php cargada
[2025-05-17 06:52:52] Error al obtener información del estudiante: SQLSTATE[42S22]: Column not found: 1054 Unknown column 'u.apellido' in 'field list'
[2025-05-17 06:52:52] Obteniendo actividades con filtro: pendientes
[2025-05-17 06:52:52] Actividades encontradas: 2
[2025-05-17 06:52:57] Página actividades.php cargada
[2025-05-17 06:52:57] Error al obtener información del estudiante: SQLSTATE[42S22]: Column not found: 1054 Unknown column 'u.apellido' in 'field list'
[2025-05-17 06:52:57] Obteniendo actividades con filtro: pendientes
[2025-05-17 06:52:57] Actividades encontradas: 2
[2025-05-17 06:55:08] Página actividades.php cargada
[2025-05-17 06:55:08] Error al obtener información del estudiante: SQLSTATE[42S22]: Column not found: 1054 Unknown column 'u.apellido' in 'field list'
[2025-05-17 06:55:08] Obteniendo actividades con filtro: pendientes
[2025-05-17 06:55:08] Actividades encontradas: 2
[2025-05-17 06:55:10] Página actividades.php cargada
[2025-05-17 06:55:10] Error al obtener información del estudiante: SQLSTATE[42S22]: Column not found: 1054 Unknown column 'u.apellido' in 'field list'
[2025-05-17 06:55:10] Obteniendo actividades con filtro: pendientes
[2025-05-17 06:55:10] Actividades encontradas: 2
[2025-05-17 06:55:17] Página actividades.php cargada
[2025-05-17 06:55:17] Error al obtener información del estudiante: SQLSTATE[42S22]: Column not found: 1054 Unknown column 'u.apellido' in 'field list'
[2025-05-17 06:55:17] Obteniendo actividades con filtro: pendientes
[2025-05-17 06:55:17] Actividades encontradas: 2
[2025-05-17 07:20:46] Página actividades.php cargada
[2025-05-17 07:20:46] Error al obtener información del estudiante: SQLSTATE[42S22]: Column not found: 1054 Unknown column 'u.apellido' in 'field list'
[2025-05-17 07:20:46] Avatar en sesión: https://randomuser.me/api/portraits/men/32.jpg
[2025-05-17 07:20:46] Obteniendo actividades con filtro: pendientes
[2025-05-17 07:20:46] Actividades encontradas: 2
[2025-05-17 07:20:55] Página actividades.php cargada
[2025-05-17 07:20:55] Error al obtener información del estudiante: SQLSTATE[42S22]: Column not found: 1054 Unknown column 'u.apellido' in 'field list'
[2025-05-17 07:20:55] Avatar en sesión: https://randomuser.me/api/portraits/men/32.jpg
[2025-05-17 07:20:55] Obteniendo actividades con filtro: pendientes
[2025-05-17 07:20:55] Actividades encontradas: 2
[2025-05-17 07:45:58] Página actividades.php cargada
[2025-05-17 07:45:58] Error al obtener información del estudiante: SQLSTATE[42S22]: Column not found: 1054 Unknown column 'u.apellido' in 'field list'
[2025-05-17 07:45:58] Avatar en sesión: https://randomuser.me/api/portraits/men/32.jpg
[2025-05-17 07:45:58] Obteniendo actividades con filtro: pendientes
[2025-05-17 07:45:58] Actividades encontradas: 2
[2025-05-17 07:46:00] Página actividades.php cargada
[2025-05-17 07:46:00] Error al obtener información del estudiante: SQLSTATE[42S22]: Column not found: 1054 Unknown column 'u.apellido' in 'field list'
[2025-05-17 07:46:00] Avatar en sesión: https://randomuser.me/api/portraits/men/32.jpg
[2025-05-17 07:46:00] Obteniendo actividades con filtro: pendientes
[2025-05-17 07:46:00] Actividades encontradas: 2
[2025-05-17 20:37:26] Página actividades.php cargada
[2025-05-17 20:37:26] Error al obtener información del estudiante: SQLSTATE[42S22]: Column not found: 1054 Unknown column 'u.apellido' in 'field list'
[2025-05-17 20:37:26] Avatar en sesión: https://randomuser.me/api/portraits/men/32.jpg
[2025-05-17 20:37:26] Obteniendo actividades con filtro: pendientes
[2025-05-17 20:37:26] Actividades encontradas: 2
[2025-05-17 20:44:30] Página actividades.php cargada
[2025-05-17 20:44:30] Error al obtener información del estudiante: SQLSTATE[42S22]: Column not found: 1054 Unknown column 'u.apellido' in 'field list'
[2025-05-17 20:44:30] Avatar en sesión: https://randomuser.me/api/portraits/men/32.jpg
[2025-05-17 20:44:30] Obteniendo actividades con filtro: pendientes
[2025-05-17 20:44:30] Actividades encontradas: 2
[2025-05-17 20:44:32] Página actividades.php cargada
[2025-05-17 20:44:32] Error al obtener información del estudiante: SQLSTATE[42S22]: Column not found: 1054 Unknown column 'u.apellido' in 'field list'
[2025-05-17 20:44:32] Avatar en sesión: https://randomuser.me/api/portraits/men/32.jpg
[2025-05-17 20:44:32] Obteniendo actividades con filtro: pendientes
[2025-05-17 20:44:32] Actividades encontradas: 2
[2025-05-17 20:44:35] Página actividades.php cargada
[2025-05-17 20:44:35] Error al obtener información del estudiante: SQLSTATE[42S22]: Column not found: 1054 Unknown column 'u.apellido' in 'field list'
[2025-05-17 20:44:35] Avatar en sesión: https://randomuser.me/api/portraits/men/32.jpg
[2025-05-17 20:44:35] Obteniendo actividades con filtro: pendientes
[2025-05-17 20:44:35] Actividades encontradas: 2
[2025-05-17 20:44:46] Página actividades.php cargada
[2025-05-17 20:44:46] Error al obtener información del estudiante: SQLSTATE[42S22]: Column not found: 1054 Unknown column 'u.apellido' in 'field list'
[2025-05-17 20:44:46] Avatar en sesión: https://randomuser.me/api/portraits/men/32.jpg
[2025-05-17 20:44:46] Obteniendo actividades con filtro: pendientes
[2025-05-17 20:44:46] Actividades encontradas: 2
[2025-05-17 20:44:49] Página actividades.php cargada
[2025-05-17 20:44:49] Error al obtener información del estudiante: SQLSTATE[42S22]: Column not found: 1054 Unknown column 'u.apellido' in 'field list'
[2025-05-17 20:44:49] Avatar en sesión: https://randomuser.me/api/portraits/men/32.jpg
[2025-05-17 20:44:49] Obteniendo actividades con filtro: pendientes
[2025-05-17 20:44:49] Actividades encontradas: 2
[2025-05-17 20:45:07] Página actividades.php cargada
[2025-05-17 20:45:07] Error al obtener información del estudiante: SQLSTATE[42S22]: Column not found: 1054 Unknown column 'u.apellido' in 'field list'
[2025-05-17 20:45:07] Avatar en sesión: https://randomuser.me/api/portraits/men/32.jpg
[2025-05-17 20:45:07] Obteniendo actividades con filtro: pendientes
[2025-05-17 20:45:07] Actividades encontradas: 2
[2025-05-17 20:45:08] Página actividades.php cargada
[2025-05-17 20:45:08] Error al obtener información del estudiante: SQLSTATE[42S22]: Column not found: 1054 Unknown column 'u.apellido' in 'field list'
[2025-05-17 20:45:08] Avatar en sesión: https://randomuser.me/api/portraits/men/32.jpg
[2025-05-17 20:45:08] Obteniendo actividades con filtro: pendientes
[2025-05-17 20:45:08] Actividades encontradas: 2
[2025-05-17 20:45:09] Página actividades.php cargada
[2025-05-17 20:45:09] Error al obtener información del estudiante: SQLSTATE[42S22]: Column not found: 1054 Unknown column 'u.apellido' in 'field list'
[2025-05-17 20:45:09] Avatar en sesión: https://randomuser.me/api/portraits/men/32.jpg
[2025-05-17 20:45:09] Obteniendo actividades con filtro: pendientes
[2025-05-17 20:45:09] Actividades encontradas: 2
[2025-05-17 20:45:10] Página actividades.php cargada
[2025-05-17 20:45:10] Error al obtener información del estudiante: SQLSTATE[42S22]: Column not found: 1054 Unknown column 'u.apellido' in 'field list'
[2025-05-17 20:45:10] Avatar en sesión: https://randomuser.me/api/portraits/men/32.jpg
[2025-05-17 20:45:10] Obteniendo actividades con filtro: pendientes
[2025-05-17 20:45:10] Actividades encontradas: 2
[2025-05-17 20:45:11] Página actividades.php cargada
[2025-05-17 20:45:11] Error al obtener información del estudiante: SQLSTATE[42S22]: Column not found: 1054 Unknown column 'u.apellido' in 'field list'
[2025-05-17 20:45:11] Avatar en sesión: https://randomuser.me/api/portraits/men/32.jpg
[2025-05-17 20:45:11] Obteniendo actividades con filtro: pendientes
[2025-05-17 20:45:11] Actividades encontradas: 2
[2025-05-17 20:45:12] Página actividades.php cargada
[2025-05-17 20:45:12] Error al obtener información del estudiante: SQLSTATE[42S22]: Column not found: 1054 Unknown column 'u.apellido' in 'field list'
[2025-05-17 20:45:12] Avatar en sesión: https://randomuser.me/api/portraits/men/32.jpg
[2025-05-17 20:45:12] Obteniendo actividades con filtro: pendientes
[2025-05-17 20:45:12] Actividades encontradas: 2
[2025-05-17 21:07:07] Página actividades.php cargada
[2025-05-17 21:07:07] Error al obtener información del estudiante: SQLSTATE[42S22]: Column not found: 1054 Unknown column 'u.apellido' in 'field list'
[2025-05-17 21:07:07] Avatar en sesión: https://randomuser.me/api/portraits/men/32.jpg
[2025-05-17 21:07:07] Obteniendo actividades con filtro: pendientes
[2025-05-17 21:07:07] Actividades encontradas: 2
[2025-05-17 21:07:09] Página actividades.php cargada
[2025-05-17 21:07:09] Error al obtener información del estudiante: SQLSTATE[42S22]: Column not found: 1054 Unknown column 'u.apellido' in 'field list'
[2025-05-17 21:07:09] Avatar en sesión: https://randomuser.me/api/portraits/men/32.jpg
[2025-05-17 21:07:09] Obteniendo actividades con filtro: entregadas
[2025-05-17 21:07:09] Actividades encontradas: 1
[2025-05-17 21:07:09] Página actividades.php cargada
[2025-05-17 21:07:09] Error al obtener información del estudiante: SQLSTATE[42S22]: Column not found: 1054 Unknown column 'u.apellido' in 'field list'
[2025-05-17 21:07:09] Avatar en sesión: https://randomuser.me/api/portraits/men/32.jpg
[2025-05-17 21:07:09] Obteniendo actividades con filtro: pendientes
[2025-05-17 21:07:09] Actividades encontradas: 2
[2025-05-17 21:07:10] Página actividades.php cargada
[2025-05-17 21:07:10] Error al obtener información del estudiante: SQLSTATE[42S22]: Column not found: 1054 Unknown column 'u.apellido' in 'field list'
[2025-05-17 21:07:10] Avatar en sesión: https://randomuser.me/api/portraits/men/32.jpg
[2025-05-17 21:07:10] Obteniendo actividades con filtro: entregadas
[2025-05-17 21:07:10] Actividades encontradas: 1
[2025-05-17 21:07:10] Página actividades.php cargada
[2025-05-17 21:07:10] Error al obtener información del estudiante: SQLSTATE[42S22]: Column not found: 1054 Unknown column 'u.apellido' in 'field list'
[2025-05-17 21:07:10] Avatar en sesión: https://randomuser.me/api/portraits/men/32.jpg
[2025-05-17 21:07:10] Obteniendo actividades con filtro: calificadas
[2025-05-17 21:07:10] Actividades encontradas: 1
[2025-05-17 21:07:11] Página actividades.php cargada
[2025-05-17 21:07:11] Error al obtener información del estudiante: SQLSTATE[42S22]: Column not found: 1054 Unknown column 'u.apellido' in 'field list'
[2025-05-17 21:07:11] Avatar en sesión: https://randomuser.me/api/portraits/men/32.jpg
[2025-05-17 21:07:11] Obteniendo actividades con filtro: todas
[2025-05-17 21:07:11] Actividades encontradas: 4
[2025-05-17 21:07:26] Página actividades.php cargada
[2025-05-17 21:07:26] Error al obtener información del estudiante: SQLSTATE[42S22]: Column not found: 1054 Unknown column 'u.apellido' in 'field list'
[2025-05-17 21:07:26] Avatar en sesión: https://randomuser.me/api/portraits/men/32.jpg
[2025-05-17 21:07:26] Obteniendo actividades con filtro: pendientes
[2025-05-17 21:07:26] Actividades encontradas: 2
[2025-05-17 21:07:40] Página actividades.php cargada
[2025-05-17 21:07:40] Error al obtener información del estudiante: SQLSTATE[42S22]: Column not found: 1054 Unknown column 'u.apellido' in 'field list'
[2025-05-17 21:07:40] Avatar en sesión: https://randomuser.me/api/portraits/men/32.jpg
[2025-05-17 21:07:40] Obteniendo actividades con filtro: pendientes
[2025-05-17 21:07:40] Actividades encontradas: 2
[2025-05-17 21:07:42] Página actividades.php cargada
[2025-05-17 21:07:42] Error al obtener información del estudiante: SQLSTATE[42S22]: Column not found: 1054 Unknown column 'u.apellido' in 'field list'
[2025-05-17 21:07:42] Avatar en sesión: https://randomuser.me/api/portraits/men/32.jpg
[2025-05-17 21:07:42] Obteniendo actividades con filtro: pendientes
[2025-05-17 21:07:42] Actividades encontradas: 2
[2025-05-17 21:07:43] Página actividades.php cargada
[2025-05-17 21:07:43] Error al obtener información del estudiante: SQLSTATE[42S22]: Column not found: 1054 Unknown column 'u.apellido' in 'field list'
[2025-05-17 21:07:43] Avatar en sesión: https://randomuser.me/api/portraits/men/32.jpg
[2025-05-17 21:07:43] Obteniendo actividades con filtro: pendientes
[2025-05-17 21:07:43] Actividades encontradas: 2
[2025-05-17 21:07:51] Página actividades.php cargada
[2025-05-17 21:07:51] Error al obtener información del estudiante: SQLSTATE[42S22]: Column not found: 1054 Unknown column 'u.apellido' in 'field list'
[2025-05-17 21:07:51] Avatar en sesión: https://randomuser.me/api/portraits/men/32.jpg
[2025-05-17 21:07:51] Obteniendo actividades con filtro: pendientes
[2025-05-17 21:07:51] Actividades encontradas: 2
[2025-05-17 21:14:03] Página actividades.php cargada
[2025-05-17 21:14:03] Error al obtener información del estudiante: SQLSTATE[42S22]: Column not found: 1054 Unknown column 'u.apellido' in 'field list'
[2025-05-17 21:14:03] Avatar en sesión: https://randomuser.me/api/portraits/men/32.jpg
[2025-05-17 21:14:03] Obteniendo actividades con filtro: pendientes
[2025-05-17 21:14:03] Actividades encontradas: 2
[2025-05-17 21:14:03] Página actividades.php cargada
[2025-05-17 21:14:03] Error al obtener información del estudiante: SQLSTATE[42S22]: Column not found: 1054 Unknown column 'u.apellido' in 'field list'
[2025-05-17 21:14:03] Avatar en sesión: https://randomuser.me/api/portraits/men/32.jpg
[2025-05-17 21:14:03] Obteniendo actividades con filtro: pendientes
[2025-05-17 21:14:03] Actividades encontradas: 2
[2025-05-17 21:14:04] Página actividades.php cargada
[2025-05-17 21:14:04] Error al obtener información del estudiante: SQLSTATE[42S22]: Column not found: 1054 Unknown column 'u.apellido' in 'field list'
[2025-05-17 21:14:04] Avatar en sesión: https://randomuser.me/api/portraits/men/32.jpg
[2025-05-17 21:14:04] Obteniendo actividades con filtro: pendientes
[2025-05-17 21:14:04] Actividades encontradas: 2
[2025-05-17 21:14:04] Página actividades.php cargada
[2025-05-17 21:14:04] Error al obtener información del estudiante: SQLSTATE[42S22]: Column not found: 1054 Unknown column 'u.apellido' in 'field list'
[2025-05-17 21:14:04] Avatar en sesión: https://randomuser.me/api/portraits/men/32.jpg
[2025-05-17 21:14:04] Obteniendo actividades con filtro: pendientes
[2025-05-17 21:14:04] Actividades encontradas: 2
[2025-05-17 21:14:04] Página actividades.php cargada
[2025-05-17 21:14:04] Error al obtener información del estudiante: SQLSTATE[42S22]: Column not found: 1054 Unknown column 'u.apellido' in 'field list'
[2025-05-17 21:14:04] Avatar en sesión: https://randomuser.me/api/portraits/men/32.jpg
[2025-05-17 21:14:04] Obteniendo actividades con filtro: pendientes
[2025-05-17 21:14:04] Actividades encontradas: 2
[2025-05-17 21:14:04] Página actividades.php cargada
[2025-05-17 21:14:04] Error al obtener información del estudiante: SQLSTATE[42S22]: Column not found: 1054 Unknown column 'u.apellido' in 'field list'
[2025-05-17 21:14:04] Avatar en sesión: https://randomuser.me/api/portraits/men/32.jpg
[2025-05-17 21:14:04] Obteniendo actividades con filtro: pendientes
[2025-05-17 21:14:04] Actividades encontradas: 2
[2025-05-17 21:14:04] Página actividades.php cargada
[2025-05-17 21:14:04] Error al obtener información del estudiante: SQLSTATE[42S22]: Column not found: 1054 Unknown column 'u.apellido' in 'field list'
[2025-05-17 21:14:04] Avatar en sesión: https://randomuser.me/api/portraits/men/32.jpg
[2025-05-17 21:14:04] Obteniendo actividades con filtro: pendientes
[2025-05-17 21:14:04] Actividades encontradas: 2
[2025-05-17 21:14:04] Página actividades.php cargada
[2025-05-17 21:14:04] Error al obtener información del estudiante: SQLSTATE[42S22]: Column not found: 1054 Unknown column 'u.apellido' in 'field list'
[2025-05-17 21:14:04] Avatar en sesión: https://randomuser.me/api/portraits/men/32.jpg
[2025-05-17 21:14:04] Obteniendo actividades con filtro: pendientes
[2025-05-17 21:14:04] Actividades encontradas: 2
[2025-05-17 21:14:05] Página actividades.php cargada
[2025-05-17 21:14:05] Error al obtener información del estudiante: SQLSTATE[42S22]: Column not found: 1054 Unknown column 'u.apellido' in 'field list'
[2025-05-17 21:14:05] Avatar en sesión: https://randomuser.me/api/portraits/men/32.jpg
[2025-05-17 21:14:05] Obteniendo actividades con filtro: pendientes
[2025-05-17 21:14:05] Actividades encontradas: 2
[2025-05-17 21:14:05] Página actividades.php cargada
[2025-05-17 21:14:05] Error al obtener información del estudiante: SQLSTATE[42S22]: Column not found: 1054 Unknown column 'u.apellido' in 'field list'
[2025-05-17 21:14:05] Avatar en sesión: https://randomuser.me/api/portraits/men/32.jpg
[2025-05-17 21:14:05] Obteniendo actividades con filtro: pendientes
[2025-05-17 21:14:05] Actividades encontradas: 2
[2025-05-17 21:18:47] Página actividades.php cargada
[2025-05-17 21:18:47] Error al obtener información del estudiante: SQLSTATE[42S22]: Column not found: 1054 Unknown column 'u.apellido' in 'field list'
[2025-05-17 21:18:47] Avatar en sesión: https://randomuser.me/api/portraits/men/32.jpg
[2025-05-17 21:18:47] Obteniendo actividades con filtro: pendientes
[2025-05-17 21:18:47] Actividades encontradas: 2
[2025-05-17 21:18:48] Página actividades.php cargada
[2025-05-17 21:18:48] Error al obtener información del estudiante: SQLSTATE[42S22]: Column not found: 1054 Unknown column 'u.apellido' in 'field list'
[2025-05-17 21:18:48] Avatar en sesión: https://randomuser.me/api/portraits/men/32.jpg
[2025-05-17 21:18:48] Obteniendo actividades con filtro: pendientes
[2025-05-17 21:18:48] Actividades encontradas: 2
[2025-05-17 21:18:50] Página actividades.php cargada
[2025-05-17 21:18:50] Error al obtener información del estudiante: SQLSTATE[42S22]: Column not found: 1054 Unknown column 'u.apellido' in 'field list'
[2025-05-17 21:18:50] Avatar en sesión: https://randomuser.me/api/portraits/men/32.jpg
[2025-05-17 21:18:50] Obteniendo actividades con filtro: pendientes
[2025-05-17 21:18:50] Actividades encontradas: 2
[2025-05-17 21:18:52] Página actividades.php cargada
[2025-05-17 21:18:52] Error al obtener información del estudiante: SQLSTATE[42S22]: Column not found: 1054 Unknown column 'u.apellido' in 'field list'
[2025-05-17 21:18:52] Avatar en sesión: https://randomuser.me/api/portraits/men/32.jpg
[2025-05-17 21:18:52] Obteniendo actividades con filtro: pendientes
[2025-05-17 21:18:52] Actividades encontradas: 2
[2025-05-17 21:19:04] Página actividades.php cargada
[2025-05-17 21:19:04] Error al obtener información del estudiante: SQLSTATE[42S22]: Column not found: 1054 Unknown column 'u.apellido' in 'field list'
[2025-05-17 21:19:04] Avatar en sesión: https://randomuser.me/api/portraits/men/32.jpg
[2025-05-17 21:19:04] Obteniendo actividades con filtro: pendientes
[2025-05-17 21:19:04] Actividades encontradas: 2
[2025-05-17 21:19:06] Página actividades.php cargada
[2025-05-17 21:19:06] Error al obtener información del estudiante: SQLSTATE[42S22]: Column not found: 1054 Unknown column 'u.apellido' in 'field list'
[2025-05-17 21:19:06] Avatar en sesión: https://randomuser.me/api/portraits/men/32.jpg
[2025-05-17 21:19:06] Obteniendo actividades con filtro: pendientes
[2025-05-17 21:19:06] Actividades encontradas: 2
[2025-05-17 21:19:32] Página actividades.php cargada
[2025-05-17 21:19:32] Error al obtener información del estudiante: SQLSTATE[42S22]: Column not found: 1054 Unknown column 'u.apellido' in 'field list'
[2025-05-17 21:19:32] Avatar en sesión: https://randomuser.me/api/portraits/men/32.jpg
[2025-05-17 21:19:32] Obteniendo actividades con filtro: pendientes
[2025-05-17 21:19:32] Actividades encontradas: 2
[2025-05-17 21:19:59] Página actividades.php cargada
[2025-05-17 21:19:59] Error al obtener información del estudiante: SQLSTATE[42S22]: Column not found: 1054 Unknown column 'u.apellido' in 'field list'
[2025-05-17 21:19:59] Avatar en sesión: https://randomuser.me/api/portraits/men/32.jpg
[2025-05-17 21:19:59] Obteniendo actividades con filtro: pendientes
[2025-05-17 21:19:59] Actividades encontradas: 2
[2025-05-17 21:20:01] Página actividades.php cargada
[2025-05-17 21:20:01] Error al obtener información del estudiante: SQLSTATE[42S22]: Column not found: 1054 Unknown column 'u.apellido' in 'field list'
[2025-05-17 21:20:01] Avatar en sesión: https://randomuser.me/api/portraits/men/32.jpg
[2025-05-17 21:20:01] Obteniendo actividades con filtro: pendientes
[2025-05-17 21:20:01] Actividades encontradas: 2
[2025-05-17 21:20:03] Página actividades.php cargada
[2025-05-17 21:20:03] Error al obtener información del estudiante: SQLSTATE[42S22]: Column not found: 1054 Unknown column 'u.apellido' in 'field list'
[2025-05-17 21:20:03] Avatar en sesión: https://randomuser.me/api/portraits/men/32.jpg
[2025-05-17 21:20:03] Obteniendo actividades con filtro: entregadas
[2025-05-17 21:20:03] Actividades encontradas: 1
[2025-05-17 21:20:03] Página actividades.php cargada
[2025-05-17 21:20:03] Error al obtener información del estudiante: SQLSTATE[42S22]: Column not found: 1054 Unknown column 'u.apellido' in 'field list'
[2025-05-17 21:20:03] Avatar en sesión: https://randomuser.me/api/portraits/men/32.jpg
[2025-05-17 21:20:03] Obteniendo actividades con filtro: calificadas
[2025-05-17 21:20:03] Actividades encontradas: 1
[2025-05-17 21:20:03] Página actividades.php cargada
[2025-05-17 21:20:03] Error al obtener información del estudiante: SQLSTATE[42S22]: Column not found: 1054 Unknown column 'u.apellido' in 'field list'
[2025-05-17 21:20:03] Avatar en sesión: https://randomuser.me/api/portraits/men/32.jpg
[2025-05-17 21:20:03] Obteniendo actividades con filtro: todas
[2025-05-17 21:20:03] Actividades encontradas: 4
[2025-05-17 21:20:07] Página actividades.php cargada
[2025-05-17 21:20:07] Error al obtener información del estudiante: SQLSTATE[42S22]: Column not found: 1054 Unknown column 'u.apellido' in 'field list'
[2025-05-17 21:20:07] Avatar en sesión: https://randomuser.me/api/portraits/men/32.jpg
[2025-05-17 21:20:07] Obteniendo actividades con filtro: calificadas
[2025-05-17 21:20:07] Actividades encontradas: 1
[2025-05-17 21:20:22] Página actividades.php cargada
[2025-05-17 21:20:22] Error al obtener información del estudiante: SQLSTATE[42S22]: Column not found: 1054 Unknown column 'u.apellido' in 'field list'
[2025-05-17 21:20:22] Avatar en sesión: https://randomuser.me/api/portraits/men/32.jpg
[2025-05-17 21:20:22] Obteniendo actividades con filtro: calificadas
[2025-05-17 21:20:22] Actividades encontradas: 1
[2025-05-17 21:23:25] Página actividades.php cargada
[2025-05-17 21:23:25] Error al obtener información del estudiante: SQLSTATE[42S22]: Column not found: 1054 Unknown column 'u.apellido' in 'field list'
[2025-05-17 21:23:25] Avatar en sesión: https://randomuser.me/api/portraits/men/32.jpg
[2025-05-17 21:23:25] Obteniendo actividades con filtro: calificadas
[2025-05-17 21:23:25] Actividades encontradas: 1
[2025-05-17 21:23:27] Página actividades.php cargada
[2025-05-17 21:23:27] Error al obtener información del estudiante: SQLSTATE[42S22]: Column not found: 1054 Unknown column 'u.apellido' in 'field list'
[2025-05-17 21:23:27] Avatar en sesión: https://randomuser.me/api/portraits/men/32.jpg
[2025-05-17 21:23:27] Obteniendo actividades con filtro: pendientes
[2025-05-17 21:23:27] Actividades encontradas: 2
[2025-05-17 21:23:28] Página actividades.php cargada
[2025-05-17 21:23:28] Error al obtener información del estudiante: SQLSTATE[42S22]: Column not found: 1054 Unknown column 'u.apellido' in 'field list'
[2025-05-17 21:23:28] Avatar en sesión: https://randomuser.me/api/portraits/men/32.jpg
[2025-05-17 21:23:28] Obteniendo actividades con filtro: pendientes
[2025-05-17 21:23:28] Actividades encontradas: 2
[2025-05-17 21:23:30] Página actividades.php cargada
[2025-05-17 21:23:30] Error al obtener información del estudiante: SQLSTATE[42S22]: Column not found: 1054 Unknown column 'u.apellido' in 'field list'
[2025-05-17 21:23:30] Avatar en sesión: https://randomuser.me/api/portraits/men/32.jpg
[2025-05-17 21:23:30] Obteniendo actividades con filtro: entregadas
[2025-05-17 21:23:30] Actividades encontradas: 1
[2025-05-17 21:23:30] Página actividades.php cargada
[2025-05-17 21:23:30] Error al obtener información del estudiante: SQLSTATE[42S22]: Column not found: 1054 Unknown column 'u.apellido' in 'field list'
[2025-05-17 21:23:30] Avatar en sesión: https://randomuser.me/api/portraits/men/32.jpg
[2025-05-17 21:23:30] Obteniendo actividades con filtro: calificadas
[2025-05-17 21:23:30] Actividades encontradas: 1
[2025-05-17 21:23:50] Página actividades.php cargada
[2025-05-17 21:23:50] Error al obtener información del estudiante: SQLSTATE[42S22]: Column not found: 1054 Unknown column 'u.apellido' in 'field list'
[2025-05-17 21:23:50] Avatar en sesión: https://randomuser.me/api/portraits/men/32.jpg
[2025-05-17 21:23:50] Obteniendo actividades con filtro: pendientes
[2025-05-17 21:23:50] Actividades encontradas: 2
[2025-05-17 21:23:52] Página actividades.php cargada
[2025-05-17 21:23:52] Error al obtener información del estudiante: SQLSTATE[42S22]: Column not found: 1054 Unknown column 'u.apellido' in 'field list'
[2025-05-17 21:23:52] Avatar en sesión: https://randomuser.me/api/portraits/men/32.jpg
[2025-05-17 21:23:52] Obteniendo actividades con filtro: pendientes
[2025-05-17 21:23:52] Actividades encontradas: 2
[2025-05-17 22:02:46] Página actividades.php cargada
[2025-05-17 22:02:46] Error al obtener información del estudiante: SQLSTATE[42S22]: Column not found: 1054 Unknown column 'u.apellido' in 'field list'
[2025-05-17 22:02:46] Avatar en sesión: https://randomuser.me/api/portraits/men/32.jpg
[2025-05-17 22:02:46] Obteniendo actividades con filtro: pendientes
[2025-05-17 22:02:46] Actividades encontradas: 2
[2025-05-17 22:02:59] Página actividades.php cargada
[2025-05-17 22:02:59] Error al obtener información del estudiante: SQLSTATE[42S22]: Column not found: 1054 Unknown column 'u.apellido' in 'field list'
[2025-05-17 22:02:59] Avatar en sesión: https://randomuser.me/api/portraits/men/32.jpg
[2025-05-17 22:02:59] Obteniendo actividades con filtro: pendientes
[2025-05-17 22:02:59] Actividades encontradas: 2
