[2025-05-18 00:01:29] Página actividades.php cargada
[2025-05-18 00:01:29] Error al obtener información del estudiante: SQLSTATE[42S22]: Column not found: 1054 Unknown column 'u.apellido' in 'field list'
[2025-05-18 00:01:29] Avatar en sesión: https://randomuser.me/api/portraits/men/32.jpg
[2025-05-18 00:01:29] Obteniendo actividades con filtro: pendientes
[2025-05-18 00:01:29] Actividades encontradas: 2
[2025-05-18 02:18:33] Página actividades.php cargada
[2025-05-18 02:18:33] Error al obtener información del estudiante: SQLSTATE[42S22]: Column not found: 1054 Unknown column 'u.apellido' in 'field list'
[2025-05-18 02:18:33] Avatar en sesión: https://randomuser.me/api/portraits/men/32.jpg
[2025-05-18 02:18:33] Obteniendo actividades con filtro: pendientes
[2025-05-18 02:18:33] Actividades encontradas: 2
[2025-05-18 04:44:12] Página actividades.php cargada
[2025-05-18 04:44:12] Error al obtener información del estudiante: SQLSTATE[42S22]: Column not found: 1054 Unknown column 'u.apellido' in 'field list'
[2025-05-18 04:44:12] Avatar en sesión: https://randomuser.me/api/portraits/men/32.jpg
[2025-05-18 04:44:12] Obteniendo actividades con filtro: pendientes
[2025-05-18 04:44:12] Actividades encontradas: 2
[2025-05-18 04:44:13] Página actividades.php cargada
[2025-05-18 04:44:13] Error al obtener información del estudiante: SQLSTATE[42S22]: Column not found: 1054 Unknown column 'u.apellido' in 'field list'
[2025-05-18 04:44:13] Avatar en sesión: https://randomuser.me/api/portraits/men/32.jpg
[2025-05-18 04:44:13] Obteniendo actividades con filtro: pendientes
[2025-05-18 04:44:13] Actividades encontradas: 2
[2025-05-18 05:08:36] Página actividades.php cargada
[2025-05-18 05:08:36] Error al obtener información del estudiante: SQLSTATE[42S22]: Column not found: 1054 Unknown column 'u.apellido' in 'field list'
[2025-05-18 05:08:36] Avatar en sesión: https://randomuser.me/api/portraits/men/32.jpg
[2025-05-18 05:08:36] Obteniendo actividades con filtro: pendientes
[2025-05-18 05:08:36] Actividades encontradas: 2
[2025-05-18 20:33:53] Página actividades.php cargada
[2025-05-18 20:33:53] Error al obtener información del estudiante: SQLSTATE[42S22]: Column not found: 1054 Unknown column 'u.apellido' in 'field list'
[2025-05-18 20:33:53] Avatar en sesión: https://randomuser.me/api/portraits/men/32.jpg
[2025-05-18 20:33:53] Obteniendo actividades con filtro: pendientes
[2025-05-18 20:33:53] Actividades encontradas: 2
[2025-05-18 20:34:43] Página actividades.php cargada
[2025-05-18 20:34:43] Error al obtener información del estudiante: SQLSTATE[42S22]: Column not found: 1054 Unknown column 'u.apellido' in 'field list'
[2025-05-18 20:34:43] Avatar en sesión: https://randomuser.me/api/portraits/men/32.jpg
[2025-05-18 20:34:43] Obteniendo actividades con filtro: pendientes
[2025-05-18 20:34:43] Actividades encontradas: 2
[2025-05-18 20:35:02] Página actividades.php cargada
[2025-05-18 20:35:02] Error al obtener información del estudiante: SQLSTATE[42S22]: Column not found: 1054 Unknown column 'u.apellido' in 'field list'
[2025-05-18 20:35:02] Avatar en sesión: https://randomuser.me/api/portraits/men/32.jpg
[2025-05-18 20:35:02] Obteniendo actividades con filtro: pendientes
[2025-05-18 20:35:02] Actividades encontradas: 2
[2025-05-18 21:20:45] Página actividades.php cargada
[2025-05-18 21:20:45] Error al obtener información del estudiante: SQLSTATE[42S22]: Column not found: 1054 Unknown column 'u.apellido' in 'field list'
[2025-05-18 21:20:45] Avatar en sesión: https://randomuser.me/api/portraits/men/32.jpg
[2025-05-18 21:20:45] Obteniendo actividades con filtro: pendientes
[2025-05-18 21:20:45] Actividades encontradas: 2
[2025-05-18 21:23:28] Página actividades.php cargada
[2025-05-18 21:23:28] Error al obtener información del estudiante: SQLSTATE[42S22]: Column not found: 1054 Unknown column 'u.apellido' in 'field list'
[2025-05-18 21:23:28] Avatar en sesión: https://randomuser.me/api/portraits/men/32.jpg
[2025-05-18 21:23:28] Obteniendo actividades con filtro: pendientes
[2025-05-18 21:23:28] Actividades encontradas: 2
[2025-05-18 21:26:05] Página actividades.php cargada
[2025-05-18 21:26:05] Error al obtener información del estudiante: SQLSTATE[42S22]: Column not found: 1054 Unknown column 'u.apellido' in 'field list'
[2025-05-18 21:26:05] Avatar en sesión: https://randomuser.me/api/portraits/men/32.jpg
[2025-05-18 21:26:05] Obteniendo actividades con filtro: pendientes
[2025-05-18 21:26:05] Actividades encontradas: 2
