[2025-05-14 00:07:45] Página actividades.php cargada
[2025-05-14 00:07:45] Error al obtener información del estudiante: SQLSTATE[42S22]: Column not found: 1054 Unknown column 'u.apellido' in 'field list'
[2025-05-14 00:07:45] Obteniendo actividades con filtro: pendientes
[2025-05-14 00:07:45] Actividades encontradas: 4
[2025-05-14 00:07:57] Página actividades.php cargada
[2025-05-14 00:07:57] Error al obtener información del estudiante: SQLSTATE[42S22]: Column not found: 1054 Unknown column 'u.apellido' in 'field list'
[2025-05-14 00:07:57] Obteniendo actividades con filtro: entregadas
[2025-05-14 00:07:57] Actividades encontradas: 1
[2025-05-14 00:09:01] Página actividades.php cargada
[2025-05-14 00:09:01] Error al obtener información del estudiante: SQLSTATE[42S22]: Column not found: 1054 Unknown column 'u.apellido' in 'field list'
[2025-05-14 00:09:01] Obteniendo actividades con filtro: calificadas
[2025-05-14 00:09:01] Actividades encontradas: 1
[2025-05-14 00:09:16] Página actividades.php cargada
[2025-05-14 00:09:16] Error al obtener información del estudiante: SQLSTATE[42S22]: Column not found: 1054 Unknown column 'u.apellido' in 'field list'
[2025-05-14 00:09:16] Obteniendo actividades con filtro: calificadas
[2025-05-14 00:09:16] Actividades encontradas: 1
[2025-05-14 00:20:47] Página actividades.php cargada
[2025-05-14 00:20:47] Error al obtener información del estudiante: SQLSTATE[42S22]: Column not found: 1054 Unknown column 'u.apellido' in 'field list'
[2025-05-14 00:20:47] Obteniendo actividades con filtro: pendientes
[2025-05-14 00:20:47] Actividades encontradas: 3
[2025-05-14 00:20:52] Página actividades.php cargada
[2025-05-14 00:20:52] Error al obtener información del estudiante: SQLSTATE[42S22]: Column not found: 1054 Unknown column 'u.apellido' in 'field list'
[2025-05-14 00:20:52] Obteniendo actividades con filtro: entregadas
[2025-05-14 00:20:52] Actividades encontradas: 1
[2025-05-14 00:34:42] Página actividades.php cargada
[2025-05-14 00:34:42] Error al obtener información del estudiante: SQLSTATE[42S22]: Column not found: 1054 Unknown column 'u.apellido' in 'field list'
[2025-05-14 00:34:42] Obteniendo actividades con filtro: pendientes
[2025-05-14 00:34:42] Actividades encontradas: 1
[2025-05-14 00:34:48] Página actividades.php cargada
[2025-05-14 00:34:48] Error al obtener información del estudiante: SQLSTATE[42S22]: Column not found: 1054 Unknown column 'u.apellido' in 'field list'
[2025-05-14 00:34:48] Obteniendo actividades con filtro: entregadas
[2025-05-14 00:34:48] Actividades encontradas: 2
[2025-05-14 01:02:09] Página actividades.php cargada
[2025-05-14 01:02:09] Error al obtener información del estudiante: SQLSTATE[42S22]: Column not found: 1054 Unknown column 'u.apellido' in 'field list'
[2025-05-14 01:02:09] Obteniendo actividades con filtro: pendientes
[2025-05-14 01:02:09] Actividades encontradas: 1
[2025-05-14 01:02:17] Página actividades.php cargada
[2025-05-14 01:02:17] Error al obtener información del estudiante: SQLSTATE[42S22]: Column not found: 1054 Unknown column 'u.apellido' in 'field list'
[2025-05-14 01:02:17] Obteniendo actividades con filtro: entregadas
[2025-05-14 01:02:17] Actividades encontradas: 2
[2025-05-14 01:05:46] Página actividades.php cargada
[2025-05-14 01:05:46] Error al obtener información del estudiante: SQLSTATE[42S22]: Column not found: 1054 Unknown column 'u.apellido' in 'field list'
[2025-05-14 01:05:46] Obteniendo actividades con filtro: pendientes
[2025-05-14 01:05:46] Actividades encontradas: 1
[2025-05-14 01:05:54] Página actividades.php cargada
[2025-05-14 01:05:54] Error al obtener información del estudiante: SQLSTATE[42S22]: Column not found: 1054 Unknown column 'u.apellido' in 'field list'
[2025-05-14 01:05:54] Obteniendo actividades con filtro: entregadas
[2025-05-14 01:05:54] Actividades encontradas: 2
[2025-05-14 01:12:44] Página actividades.php cargada
[2025-05-14 01:12:44] Error al obtener información del estudiante: SQLSTATE[42S22]: Column not found: 1054 Unknown column 'u.apellido' in 'field list'
[2025-05-14 01:12:44] Obteniendo actividades con filtro: entregadas
[2025-05-14 01:12:44] Actividades encontradas: 3
[2025-05-14 01:12:48] Página actividades.php cargada
[2025-05-14 01:12:48] Error al obtener información del estudiante: SQLSTATE[42S22]: Column not found: 1054 Unknown column 'u.apellido' in 'field list'
[2025-05-14 01:12:48] Obteniendo actividades con filtro: entregadas
[2025-05-14 01:12:48] Actividades encontradas: 3
[2025-05-14 01:12:53] Página actividades.php cargada
[2025-05-14 01:12:53] Error al obtener información del estudiante: SQLSTATE[42S22]: Column not found: 1054 Unknown column 'u.apellido' in 'field list'
[2025-05-14 01:12:53] Obteniendo actividades con filtro: entregadas
[2025-05-14 01:12:53] Actividades encontradas: 3
[2025-05-14 01:12:56] Página actividades.php cargada
[2025-05-14 01:12:56] Error al obtener información del estudiante: SQLSTATE[42S22]: Column not found: 1054 Unknown column 'u.apellido' in 'field list'
[2025-05-14 01:12:56] Obteniendo actividades con filtro: pendientes
[2025-05-14 01:12:56] Actividades encontradas: 0
[2025-05-14 01:12:56] Página actividades.php cargada
[2025-05-14 01:12:56] Error al obtener información del estudiante: SQLSTATE[42S22]: Column not found: 1054 Unknown column 'u.apellido' in 'field list'
[2025-05-14 01:12:56] Obteniendo actividades con filtro: entregadas
[2025-05-14 01:12:56] Actividades encontradas: 3
[2025-05-14 01:41:25] Página actividades.php cargada
[2025-05-14 01:41:25] Error al obtener información del estudiante: SQLSTATE[42S22]: Column not found: 1054 Unknown column 'u.apellido' in 'field list'
[2025-05-14 01:41:25] Obteniendo actividades con filtro: pendientes
[2025-05-14 01:41:25] Actividades encontradas: 0
[2025-05-14 01:41:40] Página actividades.php cargada
[2025-05-14 01:41:40] Error al obtener información del estudiante: SQLSTATE[42S22]: Column not found: 1054 Unknown column 'u.apellido' in 'field list'
[2025-05-14 01:41:40] Obteniendo actividades con filtro: pendientes
[2025-05-14 01:41:40] Actividades encontradas: 0
[2025-05-14 01:41:42] Página actividades.php cargada
[2025-05-14 01:41:42] Error al obtener información del estudiante: SQLSTATE[42S22]: Column not found: 1054 Unknown column 'u.apellido' in 'field list'
[2025-05-14 01:41:42] Obteniendo actividades con filtro: entregadas
[2025-05-14 01:41:42] Actividades encontradas: 3
[2025-05-14 01:41:43] Página actividades.php cargada
[2025-05-14 01:41:43] Error al obtener información del estudiante: SQLSTATE[42S22]: Column not found: 1054 Unknown column 'u.apellido' in 'field list'
[2025-05-14 01:41:43] Obteniendo actividades con filtro: calificadas
[2025-05-14 01:41:43] Actividades encontradas: 3
[2025-05-14 01:41:43] Página actividades.php cargada
[2025-05-14 01:41:43] Error al obtener información del estudiante: SQLSTATE[42S22]: Column not found: 1054 Unknown column 'u.apellido' in 'field list'
[2025-05-14 01:41:43] Obteniendo actividades con filtro: todas
[2025-05-14 01:41:43] Actividades encontradas: 6
[2025-05-14 01:41:44] Página actividades.php cargada
[2025-05-14 01:41:44] Error al obtener información del estudiante: SQLSTATE[42S22]: Column not found: 1054 Unknown column 'u.apellido' in 'field list'
[2025-05-14 01:41:44] Obteniendo actividades con filtro: pendientes
[2025-05-14 01:41:44] Actividades encontradas: 0
[2025-05-14 01:46:11] Página actividades.php cargada
[2025-05-14 01:46:11] Error al obtener información del estudiante: SQLSTATE[42S22]: Column not found: 1054 Unknown column 'u.apellido' in 'field list'
[2025-05-14 01:46:11] Obteniendo actividades con filtro: pendientes
[2025-05-14 01:46:11] Actividades encontradas: 0
[2025-05-14 01:46:13] Página actividades.php cargada
[2025-05-14 01:46:13] Error al obtener información del estudiante: SQLSTATE[42S22]: Column not found: 1054 Unknown column 'u.apellido' in 'field list'
[2025-05-14 01:46:13] Obteniendo actividades con filtro: pendientes
[2025-05-14 01:46:13] Actividades encontradas: 0
[2025-05-14 01:46:14] Página actividades.php cargada
[2025-05-14 01:46:14] Error al obtener información del estudiante: SQLSTATE[42S22]: Column not found: 1054 Unknown column 'u.apellido' in 'field list'
[2025-05-14 01:46:14] Obteniendo actividades con filtro: pendientes
[2025-05-14 01:46:14] Actividades encontradas: 0
[2025-05-14 01:46:19] Página actividades.php cargada
[2025-05-14 01:46:19] Error al obtener información del estudiante: SQLSTATE[42S22]: Column not found: 1054 Unknown column 'u.apellido' in 'field list'
[2025-05-14 01:46:19] Obteniendo actividades con filtro: pendientes
[2025-05-14 01:46:19] Actividades encontradas: 0
[2025-05-14 01:46:29] Página actividades.php cargada
[2025-05-14 01:46:29] Error al obtener información del estudiante: SQLSTATE[42S22]: Column not found: 1054 Unknown column 'u.apellido' in 'field list'
[2025-05-14 01:46:29] Obteniendo actividades con filtro: pendientes
[2025-05-14 01:46:29] Actividades encontradas: 0
[2025-05-14 01:50:54] Página actividades.php cargada
[2025-05-14 01:50:54] Error al obtener información del estudiante: SQLSTATE[42S22]: Column not found: 1054 Unknown column 'u.apellido' in 'field list'
[2025-05-14 01:50:54] Obteniendo actividades con filtro: calificadas
[2025-05-14 01:50:54] Actividades encontradas: 3
[2025-05-14 01:53:37] Página actividades.php cargada
[2025-05-14 01:53:37] Error al obtener información del estudiante: SQLSTATE[42S22]: Column not found: 1054 Unknown column 'u.apellido' in 'field list'
[2025-05-14 01:53:37] Obteniendo actividades con filtro: pendientes
[2025-05-14 01:53:37] Actividades encontradas: 0
[2025-05-14 01:53:39] Página actividades.php cargada
[2025-05-14 01:53:39] Error al obtener información del estudiante: SQLSTATE[42S22]: Column not found: 1054 Unknown column 'u.apellido' in 'field list'
[2025-05-14 01:53:39] Obteniendo actividades con filtro: pendientes
[2025-05-14 01:53:39] Actividades encontradas: 0
[2025-05-14 02:29:12] Página actividades.php cargada
[2025-05-14 02:29:12] Error al obtener información del estudiante: SQLSTATE[42S22]: Column not found: 1054 Unknown column 'u.apellido' in 'field list'
[2025-05-14 02:29:12] Obteniendo actividades con filtro: pendientes
[2025-05-14 02:29:12] Actividades encontradas: 0
[2025-05-14 02:29:13] Página actividades.php cargada
[2025-05-14 02:29:13] Error al obtener información del estudiante: SQLSTATE[42S22]: Column not found: 1054 Unknown column 'u.apellido' in 'field list'
[2025-05-14 02:29:13] Obteniendo actividades con filtro: pendientes
[2025-05-14 02:29:13] Actividades encontradas: 0
[2025-05-14 02:29:14] Página actividades.php cargada
[2025-05-14 02:29:14] Error al obtener información del estudiante: SQLSTATE[42S22]: Column not found: 1054 Unknown column 'u.apellido' in 'field list'
[2025-05-14 02:29:14] Obteniendo actividades con filtro: entregadas
[2025-05-14 02:29:14] Actividades encontradas: 3
[2025-05-14 02:29:14] Página actividades.php cargada
[2025-05-14 02:29:14] Error al obtener información del estudiante: SQLSTATE[42S22]: Column not found: 1054 Unknown column 'u.apellido' in 'field list'
[2025-05-14 02:29:14] Obteniendo actividades con filtro: calificadas
[2025-05-14 02:29:14] Actividades encontradas: 3
[2025-05-14 02:29:16] Página actividades.php cargada
[2025-05-14 02:29:16] Error al obtener información del estudiante: SQLSTATE[42S22]: Column not found: 1054 Unknown column 'u.apellido' in 'field list'
[2025-05-14 02:29:16] Obteniendo actividades con filtro: todas
[2025-05-14 02:29:16] Actividades encontradas: 6
[2025-05-14 02:40:13] Página actividades.php cargada
[2025-05-14 02:40:13] Error al obtener información del estudiante: SQLSTATE[42S22]: Column not found: 1054 Unknown column 'u.apellido' in 'field list'
[2025-05-14 02:40:13] Obteniendo actividades con filtro: pendientes
[2025-05-14 02:40:13] Actividades encontradas: 0
[2025-05-14 03:19:33] Página actividades.php cargada
[2025-05-14 03:19:33] Error al obtener información del estudiante: SQLSTATE[42S22]: Column not found: 1054 Unknown column 'u.apellido' in 'field list'
[2025-05-14 03:19:33] Obteniendo actividades con filtro: pendientes
[2025-05-14 03:19:33] Actividades encontradas: 0
[2025-05-14 03:19:44] Página actividades.php cargada
[2025-05-14 03:19:44] Error al obtener información del estudiante: SQLSTATE[42S22]: Column not found: 1054 Unknown column 'u.apellido' in 'field list'
[2025-05-14 03:19:44] Obteniendo actividades con filtro: pendientes
[2025-05-14 03:19:44] Actividades encontradas: 0
[2025-05-14 03:21:03] Página actividades.php cargada
[2025-05-14 03:21:03] Error al obtener información del estudiante: SQLSTATE[42S22]: Column not found: 1054 Unknown column 'u.apellido' in 'field list'
[2025-05-14 03:21:03] Obteniendo actividades con filtro: pendientes
[2025-05-14 03:21:03] Actividades encontradas: 0
[2025-05-14 03:41:59] Página actividades.php cargada
[2025-05-14 03:41:59] Error al obtener información del estudiante: SQLSTATE[42S22]: Column not found: 1054 Unknown column 'u.apellido' in 'field list'
[2025-05-14 03:41:59] Obteniendo actividades con filtro: pendientes
[2025-05-14 03:41:59] Actividades encontradas: 0
[2025-05-14 03:48:29] Página actividades.php cargada
[2025-05-14 03:48:29] Error al obtener información del estudiante: SQLSTATE[42S22]: Column not found: 1054 Unknown column 'u.apellido' in 'field list'
[2025-05-14 03:48:29] Obteniendo actividades con filtro: pendientes
[2025-05-14 03:48:29] Actividades encontradas: 0
[2025-05-14 04:43:47] Página actividades.php cargada
[2025-05-14 04:43:47] Error al obtener información del estudiante: SQLSTATE[42S22]: Column not found: 1054 Unknown column 'u.apellido' in 'field list'
[2025-05-14 04:43:47] Obteniendo actividades con filtro: pendientes
[2025-05-14 04:43:47] Actividades encontradas: 0
[2025-05-14 04:46:43] Página actividades.php cargada
[2025-05-14 04:46:43] Error al obtener información del estudiante: SQLSTATE[42S22]: Column not found: 1054 Unknown column 'u.apellido' in 'field list'
[2025-05-14 04:46:43] Obteniendo actividades con filtro: pendientes
[2025-05-14 04:46:43] Actividades encontradas: 0
[2025-05-14 05:26:15] Página actividades.php cargada
[2025-05-14 05:26:15] Error al obtener información del estudiante: SQLSTATE[42S22]: Column not found: 1054 Unknown column 'u.apellido' in 'field list'
[2025-05-14 05:26:15] Obteniendo actividades con filtro: pendientes
[2025-05-14 05:26:15] Actividades encontradas: 0
[2025-05-14 05:49:33] Página actividades.php cargada
[2025-05-14 05:49:33] Error al obtener información del estudiante: SQLSTATE[42S22]: Column not found: 1054 Unknown column 'u.apellido' in 'field list'
[2025-05-14 05:49:33] Obteniendo actividades con filtro: pendientes
[2025-05-14 05:49:33] Actividades encontradas: 0
[2025-05-14 05:49:38] Página actividades.php cargada
[2025-05-14 05:49:38] Error al obtener información del estudiante: SQLSTATE[42S22]: Column not found: 1054 Unknown column 'u.apellido' in 'field list'
[2025-05-14 05:49:38] Obteniendo actividades con filtro: pendientes
[2025-05-14 05:49:38] Actividades encontradas: 0
[2025-05-14 05:49:40] Página actividades.php cargada
[2025-05-14 05:49:40] Error al obtener información del estudiante: SQLSTATE[42S22]: Column not found: 1054 Unknown column 'u.apellido' in 'field list'
[2025-05-14 05:49:40] Obteniendo actividades con filtro: pendientes
[2025-05-14 05:49:40] Actividades encontradas: 0
[2025-05-14 05:49:41] Página actividades.php cargada
[2025-05-14 05:49:41] Error al obtener información del estudiante: SQLSTATE[42S22]: Column not found: 1054 Unknown column 'u.apellido' in 'field list'
[2025-05-14 05:49:41] Obteniendo actividades con filtro: entregadas
[2025-05-14 05:49:41] Actividades encontradas: 3
[2025-05-14 05:49:44] Página actividades.php cargada
[2025-05-14 05:49:44] Error al obtener información del estudiante: SQLSTATE[42S22]: Column not found: 1054 Unknown column 'u.apellido' in 'field list'
[2025-05-14 05:49:44] Obteniendo actividades con filtro: entregadas
[2025-05-14 05:49:44] Actividades encontradas: 3
[2025-05-14 05:49:59] Página actividades.php cargada
[2025-05-14 05:49:59] Error al obtener información del estudiante: SQLSTATE[42S22]: Column not found: 1054 Unknown column 'u.apellido' in 'field list'
[2025-05-14 05:49:59] Obteniendo actividades con filtro: entregadas
[2025-05-14 05:49:59] Actividades encontradas: 3
[2025-05-14 08:00:17] Página actividades.php cargada
[2025-05-14 08:00:17] Error al obtener información del estudiante: SQLSTATE[42S22]: Column not found: 1054 Unknown column 'u.apellido' in 'field list'
[2025-05-14 08:00:17] Obteniendo actividades con filtro: pendientes
[2025-05-14 08:00:17] Actividades encontradas: 0
[2025-05-14 08:23:13] Página actividades.php cargada
[2025-05-14 08:23:13] Error al obtener información del estudiante: SQLSTATE[42S22]: Column not found: 1054 Unknown column 'u.apellido' in 'field list'
[2025-05-14 08:23:13] Obteniendo actividades con filtro: pendientes
[2025-05-14 08:23:13] Actividades encontradas: 4
[2025-05-14 08:23:15] Página actividades.php cargada
[2025-05-14 08:23:15] Error al obtener información del estudiante: SQLSTATE[42S22]: Column not found: 1054 Unknown column 'u.apellido' in 'field list'
[2025-05-14 08:23:15] Obteniendo actividades con filtro: calificadas
[2025-05-14 08:23:15] Actividades encontradas: 0
[2025-05-14 08:23:16] Página actividades.php cargada
[2025-05-14 08:23:16] Error al obtener información del estudiante: SQLSTATE[42S22]: Column not found: 1054 Unknown column 'u.apellido' in 'field list'
[2025-05-14 08:23:16] Obteniendo actividades con filtro: entregadas
[2025-05-14 08:23:16] Actividades encontradas: 0
[2025-05-14 08:23:16] Página actividades.php cargada
[2025-05-14 08:23:16] Error al obtener información del estudiante: SQLSTATE[42S22]: Column not found: 1054 Unknown column 'u.apellido' in 'field list'
[2025-05-14 08:23:16] Obteniendo actividades con filtro: pendientes
[2025-05-14 08:23:16] Actividades encontradas: 4
[2025-05-14 08:23:25] Página actividades.php cargada
[2025-05-14 08:23:25] Error al obtener información del estudiante: SQLSTATE[42S22]: Column not found: 1054 Unknown column 'u.apellido' in 'field list'
[2025-05-14 08:23:25] Obteniendo actividades con filtro: pendientes
[2025-05-14 08:23:25] Actividades encontradas: 4
[2025-05-14 08:26:12] Página actividades.php cargada
[2025-05-14 08:26:12] Error al obtener información del estudiante: SQLSTATE[42S22]: Column not found: 1054 Unknown column 'u.apellido' in 'field list'
[2025-05-14 08:26:12] Obteniendo actividades con filtro: pendientes
[2025-05-14 08:26:12] Actividades encontradas: 3
[2025-05-14 08:26:55] Página actividades.php cargada
[2025-05-14 08:26:55] Error al obtener información del estudiante: SQLSTATE[42S22]: Column not found: 1054 Unknown column 'u.apellido' in 'field list'
[2025-05-14 08:26:55] Obteniendo actividades con filtro: pendientes
[2025-05-14 08:26:55] Actividades encontradas: 3
[2025-05-14 08:26:55] Página actividades.php cargada
[2025-05-14 08:26:55] Error al obtener información del estudiante: SQLSTATE[42S22]: Column not found: 1054 Unknown column 'u.apellido' in 'field list'
[2025-05-14 08:26:55] Obteniendo actividades con filtro: pendientes
[2025-05-14 08:26:55] Actividades encontradas: 3
[2025-05-14 08:26:56] Página actividades.php cargada
[2025-05-14 08:26:56] Error al obtener información del estudiante: SQLSTATE[42S22]: Column not found: 1054 Unknown column 'u.apellido' in 'field list'
[2025-05-14 08:26:56] Obteniendo actividades con filtro: pendientes
[2025-05-14 08:26:56] Actividades encontradas: 3
[2025-05-14 08:27:03] Página actividades.php cargada
[2025-05-14 08:27:03] Error al obtener información del estudiante: SQLSTATE[42S22]: Column not found: 1054 Unknown column 'u.apellido' in 'field list'
[2025-05-14 08:27:03] Obteniendo actividades con filtro: pendientes
[2025-05-14 08:27:03] Actividades encontradas: 3
[2025-05-14 08:28:24] Página actividades.php cargada
[2025-05-14 08:28:24] Error al obtener información del estudiante: SQLSTATE[42S22]: Column not found: 1054 Unknown column 'u.apellido' in 'field list'
[2025-05-14 08:28:24] Obteniendo actividades con filtro: pendientes
[2025-05-14 08:28:24] Actividades encontradas: 3
[2025-05-14 08:28:55] Página actividades.php cargada
[2025-05-14 08:28:55] Error al obtener información del estudiante: SQLSTATE[42S22]: Column not found: 1054 Unknown column 'u.apellido' in 'field list'
[2025-05-14 08:28:55] Obteniendo actividades con filtro: entregadas
[2025-05-14 08:28:55] Actividades encontradas: 1
[2025-05-14 08:29:10] Página actividades.php cargada
[2025-05-14 08:29:10] Error al obtener información del estudiante: SQLSTATE[42S22]: Column not found: 1054 Unknown column 'u.apellido' in 'field list'
[2025-05-14 08:29:10] Obteniendo actividades con filtro: calificadas
[2025-05-14 08:29:10] Actividades encontradas: 0
[2025-05-14 08:29:33] Página actividades.php cargada
[2025-05-14 08:29:33] Error al obtener información del estudiante: SQLSTATE[42S22]: Column not found: 1054 Unknown column 'u.apellido' in 'field list'
[2025-05-14 08:29:33] Obteniendo actividades con filtro: entregadas
[2025-05-14 08:29:33] Actividades encontradas: 1
[2025-05-14 08:29:35] Página actividades.php cargada
[2025-05-14 08:29:35] Error al obtener información del estudiante: SQLSTATE[42S22]: Column not found: 1054 Unknown column 'u.apellido' in 'field list'
[2025-05-14 08:29:35] Obteniendo actividades con filtro: pendientes
[2025-05-14 08:29:35] Actividades encontradas: 3
[2025-05-14 08:29:36] Página actividades.php cargada
[2025-05-14 08:29:36] Error al obtener información del estudiante: SQLSTATE[42S22]: Column not found: 1054 Unknown column 'u.apellido' in 'field list'
[2025-05-14 08:29:36] Obteniendo actividades con filtro: calificadas
[2025-05-14 08:29:36] Actividades encontradas: 0
[2025-05-14 08:29:36] Página actividades.php cargada
[2025-05-14 08:29:36] Error al obtener información del estudiante: SQLSTATE[42S22]: Column not found: 1054 Unknown column 'u.apellido' in 'field list'
[2025-05-14 08:29:36] Obteniendo actividades con filtro: todas
[2025-05-14 08:29:36] Actividades encontradas: 4
[2025-05-14 08:29:38] Página actividades.php cargada
[2025-05-14 08:29:38] Error al obtener información del estudiante: SQLSTATE[42S22]: Column not found: 1054 Unknown column 'u.apellido' in 'field list'
[2025-05-14 08:29:38] Obteniendo actividades con filtro: calificadas
[2025-05-14 08:29:38] Actividades encontradas: 0
[2025-05-14 08:29:40] Página actividades.php cargada
[2025-05-14 08:29:40] Error al obtener información del estudiante: SQLSTATE[42S22]: Column not found: 1054 Unknown column 'u.apellido' in 'field list'
[2025-05-14 08:29:40] Obteniendo actividades con filtro: todas
[2025-05-14 08:29:40] Actividades encontradas: 4
[2025-05-14 08:29:41] Página actividades.php cargada
[2025-05-14 08:29:41] Error al obtener información del estudiante: SQLSTATE[42S22]: Column not found: 1054 Unknown column 'u.apellido' in 'field list'
[2025-05-14 08:29:41] Obteniendo actividades con filtro: pendientes
[2025-05-14 08:29:41] Actividades encontradas: 3
[2025-05-14 08:29:42] Página actividades.php cargada
[2025-05-14 08:29:42] Error al obtener información del estudiante: SQLSTATE[42S22]: Column not found: 1054 Unknown column 'u.apellido' in 'field list'
[2025-05-14 08:29:42] Obteniendo actividades con filtro: todas
[2025-05-14 08:29:42] Actividades encontradas: 4
[2025-05-14 08:30:25] Página actividades.php cargada
[2025-05-14 08:30:25] Error al obtener información del estudiante: SQLSTATE[42S22]: Column not found: 1054 Unknown column 'u.apellido' in 'field list'
[2025-05-14 08:30:25] Obteniendo actividades con filtro: pendientes
[2025-05-14 08:30:25] Actividades encontradas: 3
