[2025-05-20 08:15:44] Página actividades.php cargada
[2025-05-20 08:15:44] Error al obtener información del estudiante: SQLSTATE[42S22]: Column not found: 1054 Unknown column 'u.apellido' in 'field list'
[2025-05-20 08:15:44] Avatar en sesión: https://randomuser.me/api/portraits/men/32.jpg
[2025-05-20 08:15:44] Obteniendo actividades con filtro: pendientes
[2025-05-20 08:15:44] Actividades encontradas: 0
[2025-05-20 08:15:49] Página actividades.php cargada
[2025-05-20 08:15:49] Error al obtener información del estudiante: SQLSTATE[42S22]: Column not found: 1054 Unknown column 'u.apellido' in 'field list'
[2025-05-20 08:15:49] Avatar en sesión: https://randomuser.me/api/portraits/men/32.jpg
[2025-05-20 08:15:49] Obteniendo actividades con filtro: entregadas
[2025-05-20 08:15:49] Actividades encontradas: 0
[2025-05-20 08:15:49] Página actividades.php cargada
[2025-05-20 08:15:49] Error al obtener información del estudiante: SQLSTATE[42S22]: Column not found: 1054 Unknown column 'u.apellido' in 'field list'
[2025-05-20 08:15:49] Avatar en sesión: https://randomuser.me/api/portraits/men/32.jpg
[2025-05-20 08:15:49] Obteniendo actividades con filtro: calificadas
[2025-05-20 08:15:49] Actividades encontradas: 0
[2025-05-20 08:15:50] Página actividades.php cargada
[2025-05-20 08:15:50] Error al obtener información del estudiante: SQLSTATE[42S22]: Column not found: 1054 Unknown column 'u.apellido' in 'field list'
[2025-05-20 08:15:50] Avatar en sesión: https://randomuser.me/api/portraits/men/32.jpg
[2025-05-20 08:15:50] Obteniendo actividades con filtro: todas
[2025-05-20 08:15:50] Actividades encontradas: 0
