[2025-05-19 00:00:59] Página actividades.php cargada
[2025-05-19 00:00:59] Error al obtener información del estudiante: SQLSTATE[42S22]: Column not found: 1054 Unknown column 'u.apellido' in 'field list'
[2025-05-19 00:00:59] Avatar en sesión: https://randomuser.me/api/portraits/men/32.jpg
[2025-05-19 00:00:59] Obteniendo actividades con filtro: pendientes
[2025-05-19 00:00:59] Actividades encontradas: 2
[2025-05-19 00:00:59] Página actividades.php cargada
[2025-05-19 00:00:59] Error al obtener información del estudiante: SQLSTATE[42S22]: Column not found: 1054 Unknown column 'u.apellido' in 'field list'
[2025-05-19 00:00:59] Avatar en sesión: https://randomuser.me/api/portraits/men/32.jpg
[2025-05-19 00:00:59] Obteniendo actividades con filtro: pendientes
[2025-05-19 00:00:59] Actividades encontradas: 2
[2025-05-19 00:01:03] Página actividades.php cargada
[2025-05-19 00:01:03] Error al obtener información del estudiante: SQLSTATE[42S22]: Column not found: 1054 Unknown column 'u.apellido' in 'field list'
[2025-05-19 00:01:03] Avatar en sesión: https://randomuser.me/api/portraits/men/32.jpg
[2025-05-19 00:01:03] Obteniendo actividades con filtro: pendientes
[2025-05-19 00:01:03] Actividades encontradas: 2
[2025-05-19 00:01:24] Página actividades.php cargada
[2025-05-19 00:01:24] Error al obtener información del estudiante: SQLSTATE[42S22]: Column not found: 1054 Unknown column 'u.apellido' in 'field list'
[2025-05-19 00:01:24] Avatar en sesión: https://randomuser.me/api/portraits/men/32.jpg
[2025-05-19 00:01:24] Obteniendo actividades con filtro: pendientes
[2025-05-19 00:01:24] Actividades encontradas: 2
[2025-05-19 00:18:12] Página actividades.php cargada
[2025-05-19 00:18:12] Error al obtener información del estudiante: SQLSTATE[42S22]: Column not found: 1054 Unknown column 'u.apellido' in 'field list'
[2025-05-19 00:18:12] Avatar en sesión: https://randomuser.me/api/portraits/men/32.jpg
[2025-05-19 00:18:12] Obteniendo actividades con filtro: pendientes
[2025-05-19 00:18:12] Actividades encontradas: 2
[2025-05-19 00:31:56] Página actividades.php cargada
[2025-05-19 00:31:56] Error al obtener información del estudiante: SQLSTATE[42S22]: Column not found: 1054 Unknown column 'u.apellido' in 'field list'
[2025-05-19 00:31:56] Avatar en sesión: https://randomuser.me/api/portraits/men/32.jpg
[2025-05-19 00:31:56] Obteniendo actividades con filtro: pendientes
[2025-05-19 00:31:56] Actividades encontradas: 2
[2025-05-19 00:31:58] Página actividades.php cargada
[2025-05-19 00:31:58] Error al obtener información del estudiante: SQLSTATE[42S22]: Column not found: 1054 Unknown column 'u.apellido' in 'field list'
[2025-05-19 00:31:58] Avatar en sesión: https://randomuser.me/api/portraits/men/32.jpg
[2025-05-19 00:31:58] Obteniendo actividades con filtro: pendientes
[2025-05-19 00:31:58] Actividades encontradas: 2
[2025-05-19 00:33:19] Página actividades.php cargada
[2025-05-19 00:33:19] Error al obtener información del estudiante: SQLSTATE[42S22]: Column not found: 1054 Unknown column 'u.apellido' in 'field list'
[2025-05-19 00:33:19] Avatar en sesión: https://randomuser.me/api/portraits/men/32.jpg
[2025-05-19 00:33:19] Obteniendo actividades con filtro: pendientes
[2025-05-19 00:33:19] Actividades encontradas: 2
[2025-05-19 00:41:30] Página actividades.php cargada
[2025-05-19 00:41:30] Error al obtener información del estudiante: SQLSTATE[42S22]: Column not found: 1054 Unknown column 'u.apellido' in 'field list'
[2025-05-19 00:41:30] Avatar en sesión: https://randomuser.me/api/portraits/men/32.jpg
[2025-05-19 00:41:30] Obteniendo actividades con filtro: pendientes
[2025-05-19 00:41:30] Actividades encontradas: 2
[2025-05-19 00:58:53] Página actividades.php cargada
[2025-05-19 00:58:53] Error al obtener información del estudiante: SQLSTATE[42S22]: Column not found: 1054 Unknown column 'u.apellido' in 'field list'
[2025-05-19 00:58:53] Avatar en sesión: https://randomuser.me/api/portraits/men/32.jpg
[2025-05-19 00:58:53] Obteniendo actividades con filtro: pendientes
[2025-05-19 00:58:53] Actividades encontradas: 2
[2025-05-19 03:57:20] Página actividades.php cargada
[2025-05-19 03:57:20] Error al obtener información del estudiante: SQLSTATE[42S22]: Column not found: 1054 Unknown column 'u.apellido' in 'field list'
[2025-05-19 03:57:20] Avatar en sesión: https://randomuser.me/api/portraits/men/32.jpg
[2025-05-19 03:57:20] Obteniendo actividades con filtro: pendientes
[2025-05-19 03:57:20] Actividades encontradas: 2
[2025-05-19 03:57:31] Página actividades.php cargada
[2025-05-19 03:57:31] Error al obtener información del estudiante: SQLSTATE[42S22]: Column not found: 1054 Unknown column 'u.apellido' in 'field list'
[2025-05-19 03:57:31] Avatar en sesión: https://randomuser.me/api/portraits/men/32.jpg
[2025-05-19 03:57:31] Obteniendo actividades con filtro: pendientes
[2025-05-19 03:57:31] Actividades encontradas: 2
[2025-05-19 03:57:51] Página actividades.php cargada
[2025-05-19 03:57:51] Error al obtener información del estudiante: SQLSTATE[42S22]: Column not found: 1054 Unknown column 'u.apellido' in 'field list'
[2025-05-19 03:57:51] Avatar en sesión: https://randomuser.me/api/portraits/men/32.jpg
[2025-05-19 03:57:51] Obteniendo actividades con filtro: pendientes
[2025-05-19 03:57:51] Actividades encontradas: 2
[2025-05-19 03:57:53] Página actividades.php cargada
[2025-05-19 03:57:53] Error al obtener información del estudiante: SQLSTATE[42S22]: Column not found: 1054 Unknown column 'u.apellido' in 'field list'
[2025-05-19 03:57:53] Avatar en sesión: https://randomuser.me/api/portraits/men/32.jpg
[2025-05-19 03:57:53] Obteniendo actividades con filtro: entregadas
[2025-05-19 03:57:53] Actividades encontradas: 1
[2025-05-19 03:57:54] Página actividades.php cargada
[2025-05-19 03:57:54] Error al obtener información del estudiante: SQLSTATE[42S22]: Column not found: 1054 Unknown column 'u.apellido' in 'field list'
[2025-05-19 03:57:54] Avatar en sesión: https://randomuser.me/api/portraits/men/32.jpg
[2025-05-19 03:57:54] Obteniendo actividades con filtro: calificadas
[2025-05-19 03:57:54] Actividades encontradas: 1
[2025-05-19 03:57:54] Página actividades.php cargada
[2025-05-19 03:57:54] Error al obtener información del estudiante: SQLSTATE[42S22]: Column not found: 1054 Unknown column 'u.apellido' in 'field list'
[2025-05-19 03:57:54] Avatar en sesión: https://randomuser.me/api/portraits/men/32.jpg
[2025-05-19 03:57:54] Obteniendo actividades con filtro: todas
[2025-05-19 03:57:54] Actividades encontradas: 4
[2025-05-19 03:57:55] Página actividades.php cargada
[2025-05-19 03:57:55] Error al obtener información del estudiante: SQLSTATE[42S22]: Column not found: 1054 Unknown column 'u.apellido' in 'field list'
[2025-05-19 03:57:55] Avatar en sesión: https://randomuser.me/api/portraits/men/32.jpg
[2025-05-19 03:57:55] Obteniendo actividades con filtro: pendientes
[2025-05-19 03:57:55] Actividades encontradas: 2
[2025-05-19 03:57:59] Página actividades.php cargada
[2025-05-19 03:57:59] Error al obtener información del estudiante: SQLSTATE[42S22]: Column not found: 1054 Unknown column 'u.apellido' in 'field list'
[2025-05-19 03:57:59] Avatar en sesión: https://randomuser.me/api/portraits/men/32.jpg
[2025-05-19 03:57:59] Obteniendo actividades con filtro: pendientes
[2025-05-19 03:57:59] Actividades encontradas: 2
[2025-05-19 03:58:00] Página actividades.php cargada
[2025-05-19 03:58:00] Error al obtener información del estudiante: SQLSTATE[42S22]: Column not found: 1054 Unknown column 'u.apellido' in 'field list'
[2025-05-19 03:58:00] Avatar en sesión: https://randomuser.me/api/portraits/men/32.jpg
[2025-05-19 03:58:00] Obteniendo actividades con filtro: pendientes
[2025-05-19 03:58:00] Actividades encontradas: 2
[2025-05-19 03:58:01] Página actividades.php cargada
[2025-05-19 03:58:01] Error al obtener información del estudiante: SQLSTATE[42S22]: Column not found: 1054 Unknown column 'u.apellido' in 'field list'
[2025-05-19 03:58:01] Avatar en sesión: https://randomuser.me/api/portraits/men/32.jpg
[2025-05-19 03:58:01] Obteniendo actividades con filtro: entregadas
[2025-05-19 03:58:01] Actividades encontradas: 1
[2025-05-19 03:58:05] Página actividades.php cargada
[2025-05-19 03:58:05] Error al obtener información del estudiante: SQLSTATE[42S22]: Column not found: 1054 Unknown column 'u.apellido' in 'field list'
[2025-05-19 03:58:05] Avatar en sesión: https://randomuser.me/api/portraits/men/32.jpg
[2025-05-19 03:58:05] Obteniendo actividades con filtro: pendientes
[2025-05-19 03:58:05] Actividades encontradas: 2
[2025-05-19 03:58:07] Página actividades.php cargada
[2025-05-19 03:58:07] Error al obtener información del estudiante: SQLSTATE[42S22]: Column not found: 1054 Unknown column 'u.apellido' in 'field list'
[2025-05-19 03:58:07] Avatar en sesión: https://randomuser.me/api/portraits/men/32.jpg
[2025-05-19 03:58:07] Obteniendo actividades con filtro: entregadas
[2025-05-19 03:58:07] Actividades encontradas: 1
[2025-05-19 03:58:08] Página actividades.php cargada
[2025-05-19 03:58:08] Error al obtener información del estudiante: SQLSTATE[42S22]: Column not found: 1054 Unknown column 'u.apellido' in 'field list'
[2025-05-19 03:58:08] Avatar en sesión: https://randomuser.me/api/portraits/men/32.jpg
[2025-05-19 03:58:08] Obteniendo actividades con filtro: pendientes
[2025-05-19 03:58:08] Actividades encontradas: 2
[2025-05-19 03:58:37] Página actividades.php cargada
[2025-05-19 03:58:37] Error al obtener información del estudiante: SQLSTATE[42S22]: Column not found: 1054 Unknown column 'u.apellido' in 'field list'
[2025-05-19 03:58:37] Avatar en sesión: https://randomuser.me/api/portraits/men/32.jpg
[2025-05-19 03:58:37] Obteniendo actividades con filtro: entregadas
[2025-05-19 03:58:37] Actividades encontradas: 2
[2025-05-19 03:58:41] Página actividades.php cargada
[2025-05-19 03:58:41] Error al obtener información del estudiante: SQLSTATE[42S22]: Column not found: 1054 Unknown column 'u.apellido' in 'field list'
[2025-05-19 03:58:41] Avatar en sesión: https://randomuser.me/api/portraits/men/32.jpg
[2025-05-19 03:58:41] Obteniendo actividades con filtro: pendientes
[2025-05-19 03:58:41] Actividades encontradas: 1
[2025-05-19 03:58:46] Página actividades.php cargada
[2025-05-19 03:58:46] Error al obtener información del estudiante: SQLSTATE[42S22]: Column not found: 1054 Unknown column 'u.apellido' in 'field list'
[2025-05-19 03:58:46] Avatar en sesión: https://randomuser.me/api/portraits/men/32.jpg
[2025-05-19 03:58:46] Obteniendo actividades con filtro: pendientes
[2025-05-19 03:58:46] Actividades encontradas: 1
[2025-05-19 03:58:47] Página actividades.php cargada
[2025-05-19 03:58:47] Error al obtener información del estudiante: SQLSTATE[42S22]: Column not found: 1054 Unknown column 'u.apellido' in 'field list'
[2025-05-19 03:58:47] Avatar en sesión: https://randomuser.me/api/portraits/men/32.jpg
[2025-05-19 03:58:47] Obteniendo actividades con filtro: entregadas
[2025-05-19 03:58:47] Actividades encontradas: 2
[2025-05-19 03:58:53] Página actividades.php cargada
[2025-05-19 03:58:53] Error al obtener información del estudiante: SQLSTATE[42S22]: Column not found: 1054 Unknown column 'u.apellido' in 'field list'
[2025-05-19 03:58:53] Avatar en sesión: https://randomuser.me/api/portraits/men/32.jpg
[2025-05-19 03:58:53] Obteniendo actividades con filtro: pendientes
[2025-05-19 03:58:53] Actividades encontradas: 1
[2025-05-19 03:58:53] Página actividades.php cargada
[2025-05-19 03:58:53] Error al obtener información del estudiante: SQLSTATE[42S22]: Column not found: 1054 Unknown column 'u.apellido' in 'field list'
[2025-05-19 03:58:53] Avatar en sesión: https://randomuser.me/api/portraits/men/32.jpg
[2025-05-19 03:58:53] Obteniendo actividades con filtro: todas
[2025-05-19 03:58:53] Actividades encontradas: 4
[2025-05-19 03:58:54] Página actividades.php cargada
[2025-05-19 03:58:54] Error al obtener información del estudiante: SQLSTATE[42S22]: Column not found: 1054 Unknown column 'u.apellido' in 'field list'
[2025-05-19 03:58:54] Avatar en sesión: https://randomuser.me/api/portraits/men/32.jpg
[2025-05-19 03:58:54] Obteniendo actividades con filtro: calificadas
[2025-05-19 03:58:54] Actividades encontradas: 1
[2025-05-19 03:59:08] Página actividades.php cargada
[2025-05-19 03:59:08] Error al obtener información del estudiante: SQLSTATE[42S22]: Column not found: 1054 Unknown column 'u.apellido' in 'field list'
[2025-05-19 03:59:08] Avatar en sesión: https://randomuser.me/api/portraits/men/32.jpg
[2025-05-19 03:59:08] Obteniendo actividades con filtro: calificadas
[2025-05-19 03:59:08] Actividades encontradas: 1
[2025-05-19 03:59:10] Página actividades.php cargada
[2025-05-19 03:59:10] Error al obtener información del estudiante: SQLSTATE[42S22]: Column not found: 1054 Unknown column 'u.apellido' in 'field list'
[2025-05-19 03:59:10] Avatar en sesión: https://randomuser.me/api/portraits/men/32.jpg
[2025-05-19 03:59:10] Obteniendo actividades con filtro: todas
[2025-05-19 03:59:10] Actividades encontradas: 4
[2025-05-19 05:51:53] Página actividades.php cargada
[2025-05-19 05:51:53] Error al obtener información del estudiante: SQLSTATE[42S22]: Column not found: 1054 Unknown column 'u.apellido' in 'field list'
[2025-05-19 05:51:53] Avatar en sesión: https://randomuser.me/api/portraits/men/32.jpg
[2025-05-19 05:51:53] Obteniendo actividades con filtro: pendientes
[2025-05-19 05:51:53] Actividades encontradas: 4
