[2025-05-17 00:04:31] Página entregar_actividad.php cargada
[2025-05-17 00:04:31] Error al verificar/crear tablas: SQLSTATE[42000]: Syntax error or access violation: 1091 Can't DROP FOREIGN KEY `entregas_actividad_ibfk_1`; check that it exists
[2025-05-17 00:16:18] Página entregar_actividad.php cargada
[2025-05-17 00:16:18] Error al verificar/crear tablas: SQLSTATE[42000]: Syntax error or access violation: 1091 Can't DROP FOREIGN KEY `entregas_actividad_ibfk_1`; check that it exists
[2025-05-17 00:23:01] Página entregar_actividad.php cargada
[2025-05-17 00:23:01] Error al verificar/crear tablas: SQLSTATE[42000]: Syntax error or access violation: 1091 Can't DROP FOREIGN KEY `entregas_actividad_ibfk_1`; check that it exists
[2025-05-17 00:24:19] Página entregar_actividad.php cargada
[2025-05-17 00:24:19] Error al verificar/crear tablas: SQLSTATE[42000]: Syntax error or access violation: 1091 Can't DROP FOREIGN KEY `entregas_actividad_ibfk_1`; check that it exists
[2025-05-17 00:24:21] Página entregar_actividad.php cargada
[2025-05-17 00:24:21] Error al verificar/crear tablas: SQLSTATE[42000]: Syntax error or access violation: 1091 Can't DROP FOREIGN KEY `entregas_actividad_ibfk_1`; check that it exists
[2025-05-17 00:46:28] Página entregar_actividad.php cargada
[2025-05-17 00:46:28] Error al verificar/crear tablas: SQLSTATE[42000]: Syntax error or access violation: 1091 Can't DROP FOREIGN KEY `entregas_actividad_ibfk_1`; check that it exists
[2025-05-17 00:46:30] Página entregar_actividad.php cargada
[2025-05-17 00:46:30] Error al verificar/crear tablas: SQLSTATE[42000]: Syntax error or access violation: 1091 Can't DROP FOREIGN KEY `entregas_actividad_ibfk_1`; check that it exists
[2025-05-17 00:46:30] Formulario recibido: Array
(
    [actividad_id] => 61
    [comentario] => 
)

[2025-05-17 00:46:30] Archivos recibidos: Array
(
    [archivo] => Array
        (
            [name] => 
            [full_path] => 
            [type] => 
            [tmp_name] => 
            [error] => 4
            [size] => 0
        )

)

[2025-05-17 00:46:30] Procesando entrega para actividad ID: 61, estudiante ID: 7
[2025-05-17 00:46:30] Actividad encontrada: Array
(
    [id] => 61
    [titulo] => Pendiente por entregar
)

[2025-05-17 00:46:30] Iniciando transacción para nueva entrega
[2025-05-17 00:46:30] SQL a ejecutar: 
                    INSERT INTO entregas_actividad (id_actividad, id_estudiante, comentario, estado, fecha_entrega)
                    VALUES (:actividad_id, :usuario_id, :comentario, 'pendiente', NOW())
                
[2025-05-17 00:46:30] Resultado de la inserción: Éxito
[2025-05-17 00:46:30] ID de entrega creada: 60
[2025-05-17 00:46:30] No se subió ningún archivo o hubo un error: 4
[2025-05-17 00:46:30] Transacción confirmada exitosamente
[2025-05-17 00:58:44] Página entregar_actividad.php cargada
[2025-05-17 00:58:44] Error al verificar/crear tablas: SQLSTATE[42000]: Syntax error or access violation: 1091 Can't DROP FOREIGN KEY `entregas_actividad_ibfk_1`; check that it exists
[2025-05-17 01:09:01] Página entregar_actividad.php cargada
[2025-05-17 01:09:01] Error al verificar/crear tablas: SQLSTATE[42000]: Syntax error or access violation: 1091 Can't DROP FOREIGN KEY `entregas_actividad_ibfk_1`; check that it exists
[2025-05-17 01:09:03] Página entregar_actividad.php cargada
[2025-05-17 01:09:03] Error al verificar/crear tablas: SQLSTATE[42000]: Syntax error or access violation: 1091 Can't DROP FOREIGN KEY `entregas_actividad_ibfk_1`; check that it exists
[2025-05-17 01:09:03] Formulario recibido: Array
(
    [actividad_id] => 59
    [comentario] => 
)

[2025-05-17 01:09:03] Archivos recibidos: Array
(
    [archivo] => Array
        (
            [name] => 
            [full_path] => 
            [type] => 
            [tmp_name] => 
            [error] => 4
            [size] => 0
        )

)

[2025-05-17 01:09:03] Procesando entrega para actividad ID: 59, estudiante ID: 7
[2025-05-17 01:09:03] Actividad encontrada: Array
(
    [id] => 59
    [titulo] => Actividad 
)

[2025-05-17 01:09:03] Iniciando transacción para nueva entrega
[2025-05-17 01:09:03] SQL a ejecutar: 
                    INSERT INTO entregas_actividad (id_actividad, id_estudiante, comentario, estado, fecha_entrega)
                    VALUES (:actividad_id, :usuario_id, :comentario, 'pendiente', NOW())
                
[2025-05-17 01:09:03] Resultado de la inserción: Éxito
[2025-05-17 01:09:03] ID de entrega creada: 61
[2025-05-17 01:09:03] No se subió ningún archivo o hubo un error: 4
[2025-05-17 01:09:03] Transacción confirmada exitosamente
[2025-05-17 01:10:27] Página entregar_actividad.php cargada
[2025-05-17 01:10:27] Error al verificar/crear tablas: SQLSTATE[42000]: Syntax error or access violation: 1091 Can't DROP FOREIGN KEY `entregas_actividad_ibfk_1`; check that it exists
