[16-May-2025 20:59:11 Europe/Berlin] PHP Deprecated:  Constant FILTER_SANITIZE_STRING is deprecated in C:\Users\derek\OneDrive\Documentos\Proyecto_aplicacion\views\general\login.php on line 90
[16-May-2025 20:59:11 Europe/Berlin] PHP Deprecated:  Constant FILTER_SANITIZE_STRING is deprecated in C:\Users\derek\OneDrive\Documentos\Proyecto_aplicacion\views\general\login.php on line 91
[16-May-2025 20:59:13 Europe/Berlin] PHP Deprecated:  Constant FILTER_SANITIZE_STRING is deprecated in C:\Users\derek\OneDrive\Documentos\Proyecto_aplicacion\views\general\login.php on line 90
[16-May-2025 20:59:13 Europe/Berlin] PHP Deprecated:  Constant FILTER_SANITIZE_STRING is deprecated in C:\Users\derek\OneDrive\Documentos\Proyecto_aplicacion\views\general\login.php on line 91
[16-May-2025 20:59:13 Europe/Berlin] PHP Deprecated:  Constant FILTER_SANITIZE_STRING is deprecated in C:\Users\derek\OneDrive\Documentos\Proyecto_aplicacion\views\general\login.php on line 90
[16-May-2025 20:59:13 Europe/Berlin] PHP Deprecated:  Constant FILTER_SANITIZE_STRING is deprecated in C:\Users\derek\OneDrive\Documentos\Proyecto_aplicacion\views\general\login.php on line 91
[16-May-2025 20:59:13 Europe/Berlin] PHP Deprecated:  Constant FILTER_SANITIZE_STRING is deprecated in C:\Users\derek\OneDrive\Documentos\Proyecto_aplicacion\views\general\login.php on line 90
[16-May-2025 20:59:13 Europe/Berlin] PHP Deprecated:  Constant FILTER_SANITIZE_STRING is deprecated in C:\Users\derek\OneDrive\Documentos\Proyecto_aplicacion\views\general\login.php on line 91
[16-May-2025 20:59:16 Europe/Berlin] PHP Deprecated:  Constant FILTER_SANITIZE_STRING is deprecated in C:\Users\derek\OneDrive\Documentos\Proyecto_aplicacion\views\general\login.php on line 90
[16-May-2025 20:59:16 Europe/Berlin] PHP Deprecated:  Constant FILTER_SANITIZE_STRING is deprecated in C:\Users\derek\OneDrive\Documentos\Proyecto_aplicacion\views\general\login.php on line 91
[16-May-2025 20:59:16 Europe/Berlin] PHP Deprecated:  Constant FILTER_SANITIZE_STRING is deprecated in C:\Users\derek\OneDrive\Documentos\Proyecto_aplicacion\views\general\login.php on line 90
[16-May-2025 20:59:16 Europe/Berlin] PHP Deprecated:  Constant FILTER_SANITIZE_STRING is deprecated in C:\Users\derek\OneDrive\Documentos\Proyecto_aplicacion\views\general\login.php on line 91
[16-May-2025 20:59:17 Europe/Berlin] PHP Deprecated:  Constant FILTER_SANITIZE_STRING is deprecated in C:\Users\derek\OneDrive\Documentos\Proyecto_aplicacion\views\general\login.php on line 90
[16-May-2025 20:59:17 Europe/Berlin] PHP Deprecated:  Constant FILTER_SANITIZE_STRING is deprecated in C:\Users\derek\OneDrive\Documentos\Proyecto_aplicacion\views\general\login.php on line 91
[16-May-2025 20:59:17 Europe/Berlin] PHP Deprecated:  Constant FILTER_SANITIZE_STRING is deprecated in C:\Users\derek\OneDrive\Documentos\Proyecto_aplicacion\views\general\login.php on line 90
[16-May-2025 20:59:17 Europe/Berlin] PHP Deprecated:  Constant FILTER_SANITIZE_STRING is deprecated in C:\Users\derek\OneDrive\Documentos\Proyecto_aplicacion\views\general\login.php on line 91
[16-May-2025 20:59:17 Europe/Berlin] PHP Deprecated:  Constant FILTER_SANITIZE_STRING is deprecated in C:\Users\derek\OneDrive\Documentos\Proyecto_aplicacion\views\general\login.php on line 90
[16-May-2025 20:59:17 Europe/Berlin] PHP Deprecated:  Constant FILTER_SANITIZE_STRING is deprecated in C:\Users\derek\OneDrive\Documentos\Proyecto_aplicacion\views\general\login.php on line 91
[16-May-2025 20:59:18 Europe/Berlin] PHP Deprecated:  Constant FILTER_SANITIZE_STRING is deprecated in C:\Users\derek\OneDrive\Documentos\Proyecto_aplicacion\views\general\login.php on line 90
[16-May-2025 20:59:18 Europe/Berlin] PHP Deprecated:  Constant FILTER_SANITIZE_STRING is deprecated in C:\Users\derek\OneDrive\Documentos\Proyecto_aplicacion\views\general\login.php on line 91
[16-May-2025 20:59:18 Europe/Berlin] PHP Deprecated:  Constant FILTER_SANITIZE_STRING is deprecated in C:\Users\derek\OneDrive\Documentos\Proyecto_aplicacion\views\general\login.php on line 90
[16-May-2025 20:59:18 Europe/Berlin] PHP Deprecated:  Constant FILTER_SANITIZE_STRING is deprecated in C:\Users\derek\OneDrive\Documentos\Proyecto_aplicacion\views\general\login.php on line 91
[16-May-2025 20:59:18 Europe/Berlin] PHP Deprecated:  Constant FILTER_SANITIZE_STRING is deprecated in C:\Users\derek\OneDrive\Documentos\Proyecto_aplicacion\views\general\login.php on line 90
[16-May-2025 20:59:18 Europe/Berlin] PHP Deprecated:  Constant FILTER_SANITIZE_STRING is deprecated in C:\Users\derek\OneDrive\Documentos\Proyecto_aplicacion\views\general\login.php on line 91
[16-May-2025 20:59:18 Europe/Berlin] PHP Deprecated:  Constant FILTER_SANITIZE_STRING is deprecated in C:\Users\derek\OneDrive\Documentos\Proyecto_aplicacion\views\general\login.php on line 90
[16-May-2025 20:59:18 Europe/Berlin] PHP Deprecated:  Constant FILTER_SANITIZE_STRING is deprecated in C:\Users\derek\OneDrive\Documentos\Proyecto_aplicacion\views\general\login.php on line 91
[16-May-2025 20:59:18 Europe/Berlin] PHP Deprecated:  Constant FILTER_SANITIZE_STRING is deprecated in C:\Users\derek\OneDrive\Documentos\Proyecto_aplicacion\views\general\login.php on line 90
[16-May-2025 20:59:18 Europe/Berlin] PHP Deprecated:  Constant FILTER_SANITIZE_STRING is deprecated in C:\Users\derek\OneDrive\Documentos\Proyecto_aplicacion\views\general\login.php on line 91
[16-May-2025 20:59:19 Europe/Berlin] PHP Deprecated:  Constant FILTER_SANITIZE_STRING is deprecated in C:\Users\derek\OneDrive\Documentos\Proyecto_aplicacion\views\general\login.php on line 90
[16-May-2025 20:59:19 Europe/Berlin] PHP Deprecated:  Constant FILTER_SANITIZE_STRING is deprecated in C:\Users\derek\OneDrive\Documentos\Proyecto_aplicacion\views\general\login.php on line 91
[16-May-2025 20:59:19 Europe/Berlin] PHP Deprecated:  Constant FILTER_SANITIZE_STRING is deprecated in C:\Users\derek\OneDrive\Documentos\Proyecto_aplicacion\views\general\login.php on line 90
[16-May-2025 20:59:19 Europe/Berlin] PHP Deprecated:  Constant FILTER_SANITIZE_STRING is deprecated in C:\Users\derek\OneDrive\Documentos\Proyecto_aplicacion\views\general\login.php on line 91
[16-May-2025 23:40:08 Europe/Berlin] PHP Deprecated:  Constant FILTER_SANITIZE_STRING is deprecated in C:\Users\derek\OneDrive\Documentos\Proyecto_aplicacion\views\general\login.php on line 90
[16-May-2025 23:40:08 Europe/Berlin] PHP Deprecated:  Constant FILTER_SANITIZE_STRING is deprecated in C:\Users\derek\OneDrive\Documentos\Proyecto_aplicacion\views\general\login.php on line 91
[16-May-2025 23:40:13 Europe/Berlin] Datos recibidos para cambio de contraseña: Array
(
    [action] => cambiar_password
    [usuario_id] => 7
    [password] => 1234
    [confirm_password] => 1234
)

